\BOOKMARK [1][-]{section.1}{\376\377\000P\000r\000o\000j\000e\000c\000t\000\040\000A\000n\000a\000l\000y\000s\000i\000s}{}% 1
\BOOKMARK [2][-]{subsection.1.1}{\376\377\000A\000\040\000B\000r\000i\000e\000f\000\040\000I\000n\000t\000r\000o\000d\000u\000c\000t\000i\000o\000n\000\040\000t\000o\000\040\000F\000r\000a\000c\000t\000a\000l\000s}{section.1}% 2
\BOOKMARK [2][-]{subsection.1.2}{\376\377\000D\000e\000f\000i\000n\000i\000n\000g\000\040\000t\000h\000e\000\040\000P\000r\000o\000b\000l\000e\000m}{section.1}% 3
\BOOKMARK [2][-]{subsection.1.3}{\376\377\000T\000h\000e\000\040\000E\000n\000d\000\040\000U\000s\000e\000r}{section.1}% 4
\BOOKMARK [2][-]{subsection.1.4}{\376\377\000A\000n\000a\000l\000y\000s\000i\000s\000\040\000o\000f\000\040\000E\000x\000i\000s\000t\000i\000n\000g\000\040\000P\000r\000o\000g\000r\000a\000m\000s}{section.1}% 5
\BOOKMARK [3][-]{subsubsection.1.4.1}{\376\377\000D\000a\000v\000i\000d\000\040\000J\000.\000\040\000E\000c\000k\000'\000s\000\040\000O\000n\000l\000i\000n\000e\000\040\000M\000a\000n\000d\000e\000l\000b\000r\000o\000t\000\040\000R\000e\000n\000d\000e\000r\000e\000r\000\040\000e\000c\000k}{subsection.1.4}% 6
\BOOKMARK [3][-]{subsubsection.1.4.2}{\376\377\000X\000a\000o\000S\000.\000j\000s\000\040\000O\000n\000l\000i\000n\000e\000\040\000M\000a\000n\000d\000e\000l\000b\000r\000o\000t\000\040\000R\000e\000n\000d\000e\000r\000e\000r\000\040\000x\000a\000o\000s\000.\000j\000s}{subsection.1.4}% 7
\BOOKMARK [3][-]{subsubsection.1.4.3}{\376\377\000X\000a\000o\000S\000\040\000O\000f\000f\000l\000i\000n\000e\000\040\000F\000r\000a\000c\000t\000a\000l\000\040\000R\000e\000n\000d\000e\000r\000e\000r\000\040\000f\000r\000a\000c\000t\000a\000l\000f\000o\000u\000n\000d\000a\000t\000i\000o\000n}{subsection.1.4}% 8
\BOOKMARK [2][-]{subsection.1.5}{\376\377\000P\000r\000o\000g\000r\000a\000m\000\040\000R\000e\000q\000u\000i\000r\000e\000m\000e\000n\000t\000s}{section.1}% 9
\BOOKMARK [1][-]{section.2}{\376\377\000D\000e\000s\000i\000g\000n\000\040\000P\000h\000a\000s\000e}{}% 10
\BOOKMARK [2][-]{subsection.2.1}{\376\377\000T\000h\000i\000r\000d\000\040\000P\000a\000r\000t\000y\000\040\000L\000i\000b\000r\000a\000r\000i\000e\000s}{section.2}% 11
\BOOKMARK [2][-]{subsection.2.2}{\376\377\000L\000i\000b\000r\000a\000r\000y\000\040\000H\000e\000i\000r\000a\000r\000c\000h\000y}{section.2}% 12
\BOOKMARK [2][-]{subsection.2.3}{\376\377\000T\000h\000e\000\040\000D\000e\000b\000u\000g\000\040\000L\000o\000g\000g\000e\000r}{section.2}% 13
\BOOKMARK [2][-]{subsection.2.4}{\376\377\000C\000o\000l\000o\000u\000r\000\040\000P\000a\000l\000e\000t\000t\000e\000s}{section.2}% 14
\BOOKMARK [2][-]{subsection.2.5}{\376\377\000T\000h\000e\000\040\000F\000r\000a\000c\000t\000a\000l\000\040\000C\000l\000a\000s\000s}{section.2}% 15
\BOOKMARK [3][-]{subsubsection.2.5.1}{\376\377\000R\000e\000n\000d\000e\000r\000\040\000B\000o\000x\000\040\000S\000t\000a\000t\000e\000s}{subsection.2.5}% 16
\BOOKMARK [3][-]{subsubsection.2.5.2}{\376\377\000R\000e\000n\000d\000e\000r\000\040\000B\000o\000x\000e\000s}{subsection.2.5}% 17
\BOOKMARK [3][-]{subsubsection.2.5.3}{\376\377\000R\000e\000n\000d\000e\000r\000\040\000B\000o\000x\000\040\000S\000t\000a\000t\000i\000s\000t\000i\000c\000s}{subsection.2.5}% 18
\BOOKMARK [3][-]{subsubsection.2.5.4}{\376\377\000R\000e\000n\000d\000e\000r\000\040\000C\000o\000n\000f\000i\000g\000u\000r\000a\000t\000i\000o\000n\000s}{subsection.2.5}% 19
\BOOKMARK [2][-]{subsection.2.6}{\376\377\000T\000h\000e\000\040\000F\000r\000a\000c\000t\000a\000l\000\040\000R\000e\000n\000d\000e\000r\000e\000r\000\040\000C\000l\000a\000s\000s}{section.2}% 20
\BOOKMARK [3][-]{subsubsection.2.6.1}{\376\377\000C\000o\000n\000f\000i\000g\000u\000r\000a\000t\000i\000o\000n\000,\000\040\000G\000e\000t\000t\000e\000r\000s\000,\000\040\000S\000e\000t\000t\000e\000r\000s\000\040\000a\000n\000d\000\040\000S\000t\000a\000t\000i\000s\000t\000i\000c\000s}{subsection.2.6}% 21
\BOOKMARK [3][-]{subsubsection.2.6.2}{\376\377\000C\000o\000n\000s\000t\000r\000u\000c\000t\000o\000r\000s\000\040\000a\000n\000d\000\040\000C\000o\000n\000f\000i\000g\000u\000r\000a\000t\000i\000o\000n\000s}{subsection.2.6}% 22
\BOOKMARK [3][-]{subsubsection.2.6.3}{\376\377\000R\000e\000n\000d\000e\000r\000i\000n\000g\000\040\000A\000l\000g\000o\000r\000i\000t\000h\000m\000s}{subsection.2.6}% 23
\BOOKMARK [2][-]{subsection.2.7}{\376\377\000T\000h\000e\000\040\000M\000a\000i\000n\000\040\000W\000i\000n\000d\000o\000w}{section.2}% 24
\BOOKMARK [2][-]{subsection.2.8}{\376\377\000S\000u\000p\000p\000o\000r\000t\000i\000n\000g\000\040\000M\000u\000l\000t\000i\000p\000l\000e\000\040\000F\000r\000a\000c\000t\000a\000l\000s\000\040\000a\000n\000d\000\040\000C\000o\000l\000o\000u\000r\000i\000n\000g\000\040\000A\000l\000g\000o\000r\000i\000t\000h\000m\000s}{section.2}% 25
\BOOKMARK [3][-]{subsubsection.2.8.1}{\376\377\000A\000l\000t\000e\000r\000i\000n\000g\000\040\000t\000h\000e\000\040\000M\000a\000i\000n\000\040\000R\000e\000n\000d\000e\000r\000i\000n\000g\000\040\000L\000o\000o\000p}{subsection.2.8}% 26
\BOOKMARK [3][-]{subsubsection.2.8.2}{\376\377\000I\000m\000p\000l\000e\000m\000e\000n\000t\000i\000n\000g\000\040\000M\000o\000r\000e\000\040\000C\000o\000l\000o\000u\000r\000i\000n\000g\000\040\000A\000l\000g\000o\000r\000i\000t\000h\000m\000s}{subsection.2.8}% 27
\BOOKMARK [3][-]{subsubsection.2.8.3}{\376\377\000S\000u\000p\000p\000o\000r\000t\000i\000n\000g\000\040\000M\000u\000l\000t\000i\000p\000l\000e\000\040\000C\000o\000l\000o\000u\000r\000\040\000S\000c\000h\000e\000m\000e\000s}{subsection.2.8}% 28
\BOOKMARK [3][-]{subsubsection.2.8.4}{\376\377\000A\000d\000d\000i\000n\000g\000\040\000M\000o\000r\000e\000\040\000F\000r\000a\000c\000t\000a\000l\000s}{subsection.2.8}% 29
\BOOKMARK [2][-]{subsection.2.9}{\376\377\000A\000d\000d\000i\000t\000i\000o\000n\000a\000l\000\040\000F\000e\000a\000t\000u\000r\000e\000s}{section.2}% 30
\BOOKMARK [3][-]{subsubsection.2.9.1}{\376\377\000M\000o\000v\000e\000m\000e\000n\000t\000\040\000H\000i\000s\000t\000o\000r\000y}{subsection.2.9}% 31
\BOOKMARK [3][-]{subsubsection.2.9.2}{\376\377\000I\000m\000p\000r\000o\000v\000e\000d\000\040\000S\000e\000l\000e\000c\000t\000i\000o\000n\000\040\000A\000r\000e\000a}{subsection.2.9}% 32
\BOOKMARK [3][-]{subsubsection.2.9.3}{\376\377\000E\000n\000a\000b\000l\000i\000n\000g\000\040\000W\000i\000n\000d\000o\000w\000\040\000R\000e\000s\000i\000z\000i\000n\000g}{subsection.2.9}% 33
\BOOKMARK [2][-]{subsection.2.10}{\376\377\000I\000m\000p\000o\000r\000t\000i\000n\000g\000\040\000a\000n\000d\000\040\000E\000x\000p\000o\000r\000t\000i\000n\000g\000\040\000C\000o\000n\000f\000i\000g\000u\000r\000a\000t\000i\000o\000n\000s}{section.2}% 34
\BOOKMARK [2][-]{subsection.2.11}{\376\377\000S\000a\000v\000i\000n\000g\000\040\000R\000e\000n\000d\000e\000r\000e\000d\000\040\000I\000m\000a\000g\000e\000s}{section.2}% 35
\BOOKMARK [1][-]{section.3}{\376\377\000T\000e\000c\000h\000n\000i\000c\000a\000l\000\040\000S\000o\000l\000u\000t\000i\000o\000n}{}% 36
\BOOKMARK [2][-]{subsection.3.1}{\376\377\000C\000o\000l\000o\000r\000\040\000P\000a\000l\000e\000t\000t\000e\000\040\000\050\000c\000o\000l\000o\000r\000P\000a\000l\000e\000t\000t\000e\000.\000h\000p\000p\000\051}{section.3}% 37
\BOOKMARK [2][-]{subsection.3.2}{\376\377\000C\000o\000l\000o\000r\000\040\000P\000a\000l\000e\000t\000t\000e\000\040\000\050\000c\000o\000l\000o\000r\000P\000a\000l\000e\000t\000t\000e\000.\000c\000p\000p\000\051}{section.3}% 38
\BOOKMARK [2][-]{subsection.3.3}{\376\377\000D\000e\000b\000u\000g\000\040\000L\000o\000g\000g\000e\000r\000\040\000\050\000d\000e\000b\000u\000g\000.\000h\000p\000p\000\051}{section.3}% 39
\BOOKMARK [2][-]{subsection.3.4}{\376\377\000D\000e\000b\000u\000g\000\040\000L\000o\000g\000g\000e\000r\000\040\000\050\000d\000e\000b\000u\000g\000.\000c\000p\000p\000\051}{section.3}% 40
\BOOKMARK [2][-]{subsection.3.5}{\376\377\000F\000r\000a\000c\000t\000a\000l\000\040\000B\000a\000s\000e\000\040\000C\000l\000a\000s\000s\000\040\000I\000m\000p\000l\000e\000m\000e\000n\000t\000a\000t\000i\000o\000n\000\040\000\050\000f\000r\000a\000c\000t\000a\000l\000.\000h\000p\000p\000\051}{section.3}% 41
\BOOKMARK [2][-]{subsection.3.6}{\376\377\000F\000r\000a\000c\000t\000a\000l\000\040\000R\000e\000n\000d\000e\000r\000e\000r\000\040\000D\000e\000f\000i\000n\000i\000t\000i\000o\000n\000\040\000\050\000f\000r\000a\000c\000t\000a\000l\000R\000e\000n\000d\000e\000r\000e\000r\000.\000h\000p\000p\000\051}{section.3}% 42
\BOOKMARK [2][-]{subsection.3.7}{\376\377\000F\000r\000a\000c\000t\000a\000l\000\040\000R\000e\000n\000d\000e\000r\000e\000r\000\040\000I\000m\000p\000l\000e\000m\000e\000n\000t\000a\000t\000i\000o\000n\000\040\000\050\000f\000r\000a\000c\000t\000a\000l\000R\000e\000n\000d\000e\000r\000e\000r\000.\000c\000p\000p\000\051}{section.3}% 43
\BOOKMARK [2][-]{subsection.3.8}{\376\377\000G\000e\000n\000e\000r\000i\000c\000\040\000F\000r\000a\000c\000t\000a\000l\000\040\000D\000e\000f\000i\000n\000i\000t\000i\000o\000n\000\040\000\050\000g\000e\000n\000e\000r\000i\000c\000F\000r\000a\000c\000t\000a\000l\000.\000h\000p\000p\000\051}{section.3}% 44
\BOOKMARK [2][-]{subsection.3.9}{\376\377\000G\000e\000n\000e\000r\000i\000c\000\040\000F\000r\000a\000c\000t\000a\000l\000\040\000I\000m\000p\000l\000e\000m\000e\000n\000t\000a\000t\000i\000o\000n\000\040\000\050\000g\000e\000n\000e\000r\000i\000c\000F\000r\000a\000c\000t\000a\000l\000.\000c\000p\000p\000\051}{section.3}% 45
\BOOKMARK [2][-]{subsection.3.10}{\376\377\000H\000i\000s\000t\000o\000r\000y\000\040\000D\000e\000f\000i\000n\000i\000t\000i\000o\000n\000\050\000h\000i\000s\000t\000o\000r\000y\000.\000h\000p\000p\000\051}{section.3}% 46
\BOOKMARK [2][-]{subsection.3.11}{\376\377\000H\000i\000s\000t\000o\000r\000y\000\040\000I\000m\000p\000l\000e\000m\000e\000n\000t\000a\000t\000i\000o\000n\000\040\000\050\000h\000i\000s\000t\000o\000r\000y\000.\000c\000p\000p\000\051}{section.3}% 47
\BOOKMARK [2][-]{subsection.3.12}{\376\377\000M\000a\000i\000n\000\040\000W\000i\000n\000d\000o\000w\000\040\000D\000e\000f\000i\000n\000i\000t\000i\000o\000n\000\040\000\050\000m\000a\000i\000n\000W\000i\000n\000d\000o\000w\000.\000h\000p\000p\000\051}{section.3}% 48
\BOOKMARK [2][-]{subsection.3.13}{\376\377\000M\000a\000i\000n\000\040\000W\000i\000n\000d\000o\000w\000\040\000I\000m\000p\000l\000e\000m\000e\000n\000t\000a\000t\000i\000o\000n\000\040\000\050\000m\000a\000i\000n\000W\000i\000n\000d\000o\000w\000.\000c\000p\000p\000\051}{section.3}% 49
\BOOKMARK [2][-]{subsection.3.14}{\376\377\000M\000a\000n\000d\000e\000l\000b\000r\000o\000t\000\040\000F\000r\000a\000c\000t\000a\000l\000\040\000D\000e\000f\000i\000n\000i\000t\000i\000o\000n\000\040\000\050\000m\000a\000n\000d\000e\000l\000b\000r\000o\000t\000.\000h\000p\000p\000\051}{section.3}% 50
\BOOKMARK [2][-]{subsection.3.15}{\376\377\000M\000a\000n\000d\000e\000l\000b\000r\000o\000t\000\040\000F\000r\000a\000c\000t\000a\000l\000\040\000I\000m\000p\000l\000e\000m\000e\000n\000t\000a\000t\000i\000o\000n\000\040\000\050\000m\000a\000n\000d\000e\000l\000b\000r\000o\000t\000.\000c\000p\000p\000\051}{section.3}% 51
\BOOKMARK [2][-]{subsection.3.16}{\376\377\000J\000u\000l\000i\000a\000\040\000S\000e\000t\000\040\000D\000e\000f\000i\000n\000i\000t\000i\000o\000n\000\040\000\050\000j\000u\000l\000i\000a\000S\000e\000t\000.\000h\000p\000p\000\051}{section.3}% 52
\BOOKMARK [2][-]{subsection.3.17}{\376\377\000J\000u\000i\000l\000a\000\040\000S\000e\000t\000\040\000I\000m\000p\000l\000e\000m\000e\000n\000t\000a\000t\000i\000o\000n\000\040\000\050\000j\000u\000l\000i\000a\000S\000e\000t\000.\000c\000p\000p\000\051}{section.3}% 53
\BOOKMARK [2][-]{subsection.3.18}{\376\377\000N\000e\000w\000t\000o\000n\000'\000s\000\040\000F\000r\000a\000c\000t\000a\000l\000\040\000D\000e\000f\000i\000n\000i\000t\000i\000o\000n\000\040\000\050\000n\000e\000w\000t\000o\000n\000.\000h\000p\000p\000\051}{section.3}% 54
\BOOKMARK [2][-]{subsection.3.19}{\376\377\000N\000e\000w\000t\000o\000n\000'\000s\000\040\000F\000r\000a\000c\000t\000a\000l\000\040\000I\000m\000p\000l\000e\000m\000e\000n\000t\000a\000t\000i\000o\000n\000\040\000\050\000n\000e\000w\000t\000o\000n\000.\000c\000p\000p\000\051}{section.3}% 55
\BOOKMARK [2][-]{subsection.3.20}{\376\377\000O\000p\000e\000n\000G\000L\000\040\000U\000t\000i\000l\000i\000t\000i\000e\000s\000\040\000D\000e\000f\000i\000n\000i\000t\000i\000o\000n\000\040\000\050\000o\000p\000e\000n\000g\000l\000U\000t\000i\000l\000s\000.\000h\000p\000p\000\051}{section.3}% 56
\BOOKMARK [2][-]{subsection.3.21}{\376\377\000O\000p\000e\000n\000G\000L\000\040\000U\000t\000i\000l\000i\000t\000i\000e\000s\000\040\000I\000m\000p\000l\000e\000m\000e\000n\000t\000a\000t\000i\000o\000n\000\040\000\050\000o\000p\000e\000n\000g\000l\000U\000t\000i\000l\000s\000.\000c\000p\000p\000\051}{section.3}% 57
\BOOKMARK [2][-]{subsection.3.22}{\376\377\000R\000e\000n\000d\000e\000r\000\040\000C\000o\000n\000f\000i\000g\000u\000r\000a\000t\000i\000o\000n\000\040\000D\000e\000f\000i\000n\000i\000t\000i\000o\000n\000\040\000\050\000r\000e\000n\000d\000e\000r\000C\000o\000n\000f\000i\000g\000.\000h\000p\000p\000\051}{section.3}% 58
\BOOKMARK [2][-]{subsection.3.23}{\376\377\000C\000o\000l\000o\000u\000r\000i\000n\000g\000\040\000A\000l\000g\000o\000r\000i\000t\000h\000m\000\040\000D\000e\000f\000i\000n\000i\000t\000i\000o\000n\000s\000\040\000\050\000c\000o\000l\000o\000r\000i\000n\000g\000A\000l\000g\000o\000r\000i\000t\000h\000m\000s\000.\000h\000p\000p\000\051}{section.3}% 59
\BOOKMARK [2][-]{subsection.3.24}{\376\377\000C\000M\000a\000k\000e\000\040\000F\000i\000l\000e\000\040\000\050\000C\000M\000a\000k\000e\000L\000i\000s\000t\000s\000.\000t\000x\000t\000\051}{section.3}% 60
\BOOKMARK [2][-]{subsection.3.25}{\376\377\000M\000a\000i\000n\000\040\000F\000i\000l\000e\000\040\000\050\000m\000a\000i\000n\000.\000c\000p\000p\000\051}{section.3}% 61
\BOOKMARK [2][-]{subsection.3.26}{\376\377\000D\000e\000f\000a\000u\000l\000t\000\040\000S\000e\000t\000t\000i\000n\000g\000s\000\040\000\050\000s\000e\000t\000t\000i\000n\000g\000s\000.\000j\000s\000o\000n\000\051}{section.3}% 62
\BOOKMARK [2][-]{subsection.3.27}{\376\377\000G\000i\000t\000\040\000M\000o\000d\000u\000l\000e\000s\000\040\000\050\000.\000g\000i\000t\000m\000o\000d\000u\000l\000e\000s\000\051}{section.3}% 63
\BOOKMARK [2][-]{subsection.3.28}{\376\377\000G\000i\000t\000\040\000I\000g\000n\000o\000r\000e\000\040\000\050\000.\000g\000i\000t\000i\000g\000n\000o\000r\000e\000\051}{section.3}% 64
\BOOKMARK [1][-]{section.4}{\376\377\000T\000e\000s\000t\000i\000n\000g\000\040\000t\000h\000e\000\040\000S\000o\000f\000t\000w\000a\000r\000e}{}% 65
\BOOKMARK [2][-]{subsection.4.1}{\376\377\000R\000e\000n\000d\000e\000r\000i\000n\000g\000\040\000\050\0001\000\051}{section.4}% 66
\BOOKMARK [3][-]{subsubsection.4.1.1}{\376\377\000H\000i\000g\000h\000-\000Q\000u\000a\000l\000i\000t\000y\000\040\000R\000e\000n\000d\000e\000r\000i\000n\000g\000\040\000\050\0001\000.\0001\000,\000\040\0001\000.\0002\000,\000\040\0001\000.\0003\000\040\000a\000n\000d\000\040\0001\000.\0004\000\051}{subsection.4.1}% 67
\BOOKMARK [3][-]{subsubsection.4.1.2}{\376\377\000A\000n\000t\000i\000-\000A\000l\000i\000a\000s\000i\000n\000g\000\040\000\050\0001\000.\0005\000\051}{subsection.4.1}% 68
\BOOKMARK [3][-]{subsubsection.4.1.3}{\376\377\000I\000m\000a\000g\000e\000\040\000R\000e\000s\000i\000z\000i\000n\000g\000\040\000\050\0001\000.\0006\000\051}{subsection.4.1}% 69
\BOOKMARK [3][-]{subsubsection.4.1.4}{\376\377\000O\000p\000t\000i\000m\000i\000s\000a\000t\000i\000o\000n\000s\000\040\000\050\0001\000.\0007\000,\000\040\0001\000.\0008\000\051}{subsection.4.1}% 70
\BOOKMARK [3][-]{subsubsection.4.1.5}{\376\377\000I\000n\000f\000i\000n\000i\000t\000e\000\040\000Z\000o\000o\000m\000i\000n\000g\000\040\000\050\0001\000.\0009\000\051}{subsection.4.1}% 71
\BOOKMARK [2][-]{subsection.4.2}{\376\377\000C\000o\000n\000f\000i\000g\000u\000r\000a\000t\000i\000o\000n\000\040\000\050\0002\000\051}{section.4}% 72
\BOOKMARK [3][-]{subsubsection.4.2.1}{\376\377\000Z\000o\000o\000m\000\040\000F\000a\000c\000t\000o\000r\000\040\000a\000n\000d\000\040\000F\000r\000a\000c\000t\000a\000l\000\040\000P\000o\000s\000i\000t\000i\000o\000n\000\040\000\050\0002\000.\0001\000\051}{subsection.4.2}% 73
\BOOKMARK [3][-]{subsubsection.4.2.2}{\376\377\000F\000r\000a\000c\000t\000a\000l\000\040\000R\000e\000n\000d\000e\000r\000\040\000C\000o\000n\000f\000i\000g\000u\000r\000a\000t\000i\000o\000n\000s\000\040\000\050\0002\000.\0002\000,\000\040\0002\000.\0003\000,\000\040\0002\000.\0004\000,\000\040\0002\000.\0005\000\051}{subsection.4.2}% 74
\BOOKMARK [3][-]{subsubsection.4.2.3}{\376\377\000I\000m\000a\000g\000e\000\040\000R\000e\000s\000i\000z\000i\000n\000g\000\040\000\050\0002\000.\0006\000,\000\040\0002\000.\0007\000\051}{subsection.4.2}% 75
\BOOKMARK [3][-]{subsubsection.4.2.4}{\376\377\000C\000o\000l\000o\000u\000r\000i\000n\000g\000\040\000A\000l\000g\000o\000r\000i\000t\000h\000m\000s\000\040\000\050\0002\000.\0008\000\051}{subsection.4.2}% 76
\BOOKMARK [3][-]{subsubsection.4.2.5}{\376\377\000D\000e\000f\000a\000u\000l\000t\000\040\000S\000e\000t\000t\000i\000n\000g\000s\000\040\000\050\0002\000.\0009\000\051}{subsection.4.2}% 77
\BOOKMARK [3][-]{subsubsection.4.2.6}{\376\377\000H\000i\000s\000t\000o\000r\000y\000\040\000\050\0002\000.\0001\0000\000\051}{subsection.4.2}% 78
\BOOKMARK [3][-]{subsubsection.4.2.7}{\376\377\000A\000r\000b\000i\000t\000r\000a\000r\000y\000\040\000P\000r\000e\000c\000i\000s\000i\000o\000n\000\040\000A\000r\000i\000t\000h\000m\000e\000t\000i\000c\000\040\000\050\0002\000.\0001\0001\000\051}{subsection.4.2}% 79
\BOOKMARK [3][-]{subsubsection.4.2.8}{\376\377\000S\000u\000p\000p\000o\000r\000t\000\040\000f\000o\000r\000\040\000M\000o\000r\000e\000\040\000F\000r\000a\000c\000t\000a\000l\000s\000\040\000\050\0002\000.\0001\0002\000\051}{subsection.4.2}% 80
\BOOKMARK [3][-]{subsubsection.4.2.9}{\376\377\000D\000e\000f\000a\000u\000l\000t\000\040\000S\000e\000t\000t\000i\000n\000g\000s\000\040\000o\000n\000\040\000C\000h\000a\000n\000g\000i\000n\000g\000\040\000F\000r\000a\000c\000t\000a\000l\000\040\000\050\0002\000.\0001\0003\000\051}{subsection.4.2}% 81
\BOOKMARK [3][-]{subsubsection.4.2.10}{\376\377\000S\000e\000t\000t\000i\000n\000g\000s\000\040\000a\000s\000\040\000a\000\040\000J\000S\000O\000N\000\040\000F\000i\000l\000e\000\040\000\050\0002\000.\0001\0004\000\051}{subsection.4.2}% 82
\BOOKMARK [2][-]{subsection.4.3}{\376\377\000I\000n\000t\000e\000r\000f\000a\000c\000e\000\040\000a\000n\000d\000\040\000M\000o\000v\000e\000m\000e\000n\000t\000\040\000\050\0003\000\051}{section.4}% 83
\BOOKMARK [3][-]{subsubsection.4.3.1}{\376\377\000G\000r\000a\000p\000h\000i\000c\000a\000l\000\040\000U\000s\000e\000r\000\040\000I\000n\000t\000e\000r\000f\000a\000c\000e\000\040\000\050\0003\000.\0001\000,\000\040\0003\000.\0002\000,\000\040\0003\000.\0003\000,\000\040\0003\000.\0004\000\051}{subsection.4.3}% 84
\BOOKMARK [3][-]{subsubsection.4.3.2}{\376\377\000W\000i\000n\000d\000o\000w\000\040\000P\000o\000s\000i\000t\000i\000o\000n\000i\000n\000g\000\040\000\050\0003\000.\0005\000,\000\040\0003\000.\0006\000\051}{subsection.4.3}% 85
\BOOKMARK [3][-]{subsubsection.4.3.3}{\376\377\000Z\000o\000o\000m\000\040\000B\000o\000x\000\040\000S\000e\000l\000e\000c\000t\000i\000o\000n\000\040\000\050\0003\000.\0007\000,\000\040\0003\000.\0008\000,\000\040\0003\000.\0009\000\051}{subsection.4.3}% 86
\BOOKMARK [3][-]{subsubsection.4.3.4}{\376\377\000R\000e\000n\000d\000e\000r\000\040\000P\000r\000o\000g\000r\000e\000s\000s\000\040\000\050\0003\000.\0001\0000\000\051}{subsection.4.3}% 87
\BOOKMARK [3][-]{subsubsection.4.3.5}{\376\377\000M\000o\000v\000e\000\040\000H\000i\000s\000t\000o\000r\000y\000\040\000\050\0003\000.\0001\0001\000,\000\040\0003\000.\0001\0002\000\051}{subsection.4.3}% 88
\BOOKMARK [3][-]{subsubsection.4.3.6}{\376\377\000P\000r\000o\000g\000r\000e\000s\000s\000i\000v\000e\000\040\000R\000e\000n\000d\000e\000r\000i\000n\000g\000\040\000\050\0003\000.\0001\0003\000\051}{subsection.4.3}% 89
\BOOKMARK [3][-]{subsubsection.4.3.7}{\376\377\000M\000a\000x\000i\000m\000u\000m\000\040\000Z\000o\000o\000m\000\040\000\050\0003\000.\0001\0004\000\051}{subsection.4.3}% 90
\BOOKMARK [3][-]{subsubsection.4.3.8}{\376\377\000S\000c\000i\000e\000n\000t\000i\000f\000i\000c\000\040\000I\000n\000p\000u\000t\000\040\000\050\0003\000.\0001\0005\000\051}{subsection.4.3}% 91
\BOOKMARK [2][-]{subsection.4.4}{\376\377\000I\000m\000p\000o\000r\000t\000\040\000a\000n\000d\000\040\000E\000x\000p\000o\000r\000t\000\040\000\050\0004\000\051}{section.4}% 92
\BOOKMARK [3][-]{subsubsection.4.4.1}{\376\377\000I\000m\000p\000o\000r\000t\000\040\000a\000n\000d\000\040\000E\000x\000p\000o\000r\000t\000\040\000o\000f\000\040\000S\000e\000t\000t\000i\000n\000g\000s\000\040\000\050\0004\000.\0001\000,\000\040\0004\000.\0002\000\051}{subsection.4.4}% 93
\BOOKMARK [3][-]{subsubsection.4.4.2}{\376\377\000S\000a\000v\000i\000n\000g\000\040\000I\000m\000a\000g\000e\000s\000\040\000\050\0004\000.\0003\000,\000\040\0004\000.\0004\000,\000\040\0004\000.\0005\000\051}{subsection.4.4}% 94
\BOOKMARK [2][-]{subsection.4.5}{\376\377\000I\000n\000s\000t\000a\000l\000l\000a\000t\000i\000o\000n\000\040\000\050\0005\000\051}{section.4}% 95
\BOOKMARK [3][-]{subsubsection.4.5.1}{\376\377\000C\000o\000m\000p\000i\000l\000a\000t\000i\000o\000n\000\040\000a\000n\000d\000\040\000P\000l\000a\000t\000f\000o\000r\000m\000\040\000S\000u\000p\000p\000o\000r\000t\000\040\000\050\0005\000.\0001\000,\000\040\0005\000.\0002\000,\000\040\0005\000.\0003\000,\000\040\0005\000.\0004\000,\000\040\0005\000.\0005\000,\000\040\0005\000.\0006\000,\000\040\0005\000.\0007\000\051}{subsection.4.5}% 96
\BOOKMARK [2][-]{subsection.4.6}{\376\377\000P\000e\000r\000f\000o\000r\000m\000a\000n\000c\000e\000\040\000\050\0006\000\051}{section.4}% 97
\BOOKMARK [1][-]{section.5}{\376\377\000S\000t\000a\000k\000e\000h\000o\000l\000d\000e\000r\000\040\000F\000e\000e\000d\000b\000a\000c\000k}{}% 98
\BOOKMARK [1][-]{section.6}{\376\377\000R\000e\000f\000l\000e\000c\000t\000i\000o\000n\000s}{}% 99
\BOOKMARK [2][-]{subsection.6.1}{\376\377\000T\000h\000e\000\040\000U\000s\000e\000r\000\040\000I\000n\000t\000e\000r\000f\000a\000c\000e}{section.6}% 100
\BOOKMARK [2][-]{subsection.6.2}{\376\377\000P\000e\000r\000f\000o\000r\000m\000a\000n\000c\000e}{section.6}% 101
