This is pdfTeX, Version 3.141592653-2.6-1.40.24 (MiKTeX 22.3) (preloaded format=pdflatex 2023.1.25)  25 JAN 2023 19:02
entering extended mode
 \write18 enabled.
 %&-line parsing enabled.
**./fractalRenderer.tex
(fractalRenderer.tex
LaTeX2e <2021-11-15> patch level 1
L3 programming layer <2022-02-24> (C:\opt\MiKTeX\tex/latex/base\article.cls
Document Class: article 2021/10/04 v1.4n Standard LaTeX document class
(C:\opt\MiKTeX\tex/latex/base\size12.clo
File: size12.clo 2021/10/04 v1.4n Standard LaTeX file (size option)
)
\c@part=\count185
\c@section=\count186
\c@subsection=\count187
\c@subsubsection=\count188
\c@paragraph=\count189
\c@subparagraph=\count190
\c@figure=\count191
\c@table=\count192
\abovecaptionskip=\skip47
\belowcaptionskip=\skip48
\bibindent=\dimen138
) (preamble.tex
(C:\opt\MiKTeX\tex/latex/amsmath\amsmath.sty
Package: amsmath 2021/10/15 v2.17l AMS math features
\@mathmargin=\skip49

For additional information on amsmath, use the `?' option.
(C:\opt\MiKTeX\tex/latex/amsmath\amstext.sty
Package: amstext 2021/08/26 v2.01 AMS text

(C:\opt\MiKTeX\tex/latex/amsmath\amsgen.sty
File: amsgen.sty 1999/11/30 v2.0 generic functions
\@emptytoks=\toks16
\ex@=\dimen139
))
(C:\opt\MiKTeX\tex/latex/amsmath\amsbsy.sty
Package: amsbsy 1999/11/29 v1.2d Bold Symbols
\pmbraise@=\dimen140
)
(C:\opt\MiKTeX\tex/latex/amsmath\amsopn.sty
Package: amsopn 2021/08/26 v2.02 operator names
)
\inf@bad=\count193
LaTeX Info: Redefining \frac on input line 234.
\uproot@=\count194
\leftroot@=\count195
LaTeX Info: Redefining \overline on input line 399.
\classnum@=\count196
\DOTSCASE@=\count197
LaTeX Info: Redefining \ldots on input line 496.
LaTeX Info: Redefining \dots on input line 499.
LaTeX Info: Redefining \cdots on input line 620.
\Mathstrutbox@=\box50
\strutbox@=\box51
\big@size=\dimen141
LaTeX Font Info:    Redeclaring font encoding OML on input line 743.
LaTeX Font Info:    Redeclaring font encoding OMS on input line 744.
\macc@depth=\count198
\c@MaxMatrixCols=\count199
\dotsspace@=\muskip16
\c@parentequation=\count266
\dspbrk@lvl=\count267
\tag@help=\toks17
\row@=\count268
\column@=\count269
\maxfields@=\count270
\andhelp@=\toks18
\eqnshift@=\dimen142
\alignsep@=\dimen143
\tagshift@=\dimen144
\tagwidth@=\dimen145
\totwidth@=\dimen146
\lineht@=\dimen147
\@envbody=\toks19
\multlinegap=\skip50
\multlinetaggap=\skip51
\mathdisplay@stack=\toks20
LaTeX Info: Redefining \[ on input line 2938.
LaTeX Info: Redefining \] on input line 2939.
)
(C:\opt\MiKTeX\tex/latex/amsfonts\amssymb.sty
Package: amssymb 2013/01/14 v3.01 AMS font symbols

(C:\opt\MiKTeX\tex/latex/amsfonts\amsfonts.sty
Package: amsfonts 2013/01/14 v3.01 Basic AMSFonts support
\symAMSa=\mathgroup4
\symAMSb=\mathgroup5
LaTeX Font Info:    Redeclaring math symbol \hbar on input line 98.
LaTeX Font Info:    Overwriting math alphabet `\mathfrak' in version `bold'
(Font)                  U/euf/m/n --> U/euf/b/n on input line 106.
))
(C:\opt\MiKTeX\tex/latex/pgf/frontendlayer\tikz.sty
(C:\opt\MiKTeX\tex/latex/pgf/basiclayer\pgf.sty
(C:\opt\MiKTeX\tex/latex/pgf/utilities\pgfrcs.sty
(C:\opt\MiKTeX\tex/generic/pgf/utilities\pgfutil-common.tex
\pgfutil@everybye=\toks21
\pgfutil@tempdima=\dimen148
\pgfutil@tempdimb=\dimen149

(C:\opt\MiKTeX\tex/generic/pgf/utilities\pgfutil-common-lists.tex))
(C:\opt\MiKTeX\tex/generic/pgf/utilities\pgfutil-latex.def
\pgfutil@abb=\box52
)
(C:\opt\MiKTeX\tex/generic/pgf/utilities\pgfrcs.code.tex
(C:\opt\MiKTeX\tex/generic/pgf\pgf.revision.tex)
Package: pgfrcs 2021/05/15 v3.1.9a (3.1.9a)
))
Package: pgf 2021/05/15 v3.1.9a (3.1.9a)

(C:\opt\MiKTeX\tex/latex/pgf/basiclayer\pgfcore.sty
(C:\opt\MiKTeX\tex/latex/graphics\graphicx.sty
Package: graphicx 2021/09/16 v1.2d Enhanced LaTeX Graphics (DPC,SPQR)

(C:\opt\MiKTeX\tex/latex/graphics\keyval.sty
Package: keyval 2014/10/28 v1.15 key=value parser (DPC)
\KV@toks@=\toks22
)
(C:\opt\MiKTeX\tex/latex/graphics\graphics.sty
Package: graphics 2021/03/04 v1.4d Standard LaTeX Graphics (DPC,SPQR)

(C:\opt\MiKTeX\tex/latex/graphics\trig.sty
Package: trig 2021/08/11 v1.11 sin cos tan (DPC)
)
(C:\opt\MiKTeX\tex/latex/graphics-cfg\graphics.cfg
File: graphics.cfg 2016/06/04 v1.11 sample graphics configuration
)
Package graphics Info: Driver file: pdftex.def on input line 107.

(C:\opt\MiKTeX\tex/latex/graphics-def\pdftex.def
File: pdftex.def 2020/10/05 v1.2a Graphics/color driver for pdftex
))
\Gin@req@height=\dimen150
\Gin@req@width=\dimen151
)
(C:\opt\MiKTeX\tex/latex/pgf/systemlayer\pgfsys.sty
(C:\opt\MiKTeX\tex/generic/pgf/systemlayer\pgfsys.code.tex
Package: pgfsys 2021/05/15 v3.1.9a (3.1.9a)

(C:\opt\MiKTeX\tex/generic/pgf/utilities\pgfkeys.code.tex
\pgfkeys@pathtoks=\toks23
\pgfkeys@temptoks=\toks24

(C:\opt\MiKTeX\tex/generic/pgf/utilities\pgfkeysfiltered.code.tex
\pgfkeys@tmptoks=\toks25
))
\pgf@x=\dimen152
\pgf@y=\dimen153
\pgf@xa=\dimen154
\pgf@ya=\dimen155
\pgf@xb=\dimen156
\pgf@yb=\dimen157
\pgf@xc=\dimen158
\pgf@yc=\dimen159
\pgf@xd=\dimen160
\pgf@yd=\dimen161
\w@pgf@writea=\write3
\r@pgf@reada=\read2
\c@pgf@counta=\count271
\c@pgf@countb=\count272
\c@pgf@countc=\count273
\c@pgf@countd=\count274
\t@pgf@toka=\toks26
\t@pgf@tokb=\toks27
\t@pgf@tokc=\toks28
\pgf@sys@id@count=\count275

(C:\opt\MiKTeX\tex/generic/pgf/systemlayer\pgf.cfg
File: pgf.cfg 2021/05/15 v3.1.9a (3.1.9a)
)
Driver file for pgf: pgfsys-pdftex.def

(C:\opt\MiKTeX\tex/generic/pgf/systemlayer\pgfsys-pdftex.def
File: pgfsys-pdftex.def 2021/05/15 v3.1.9a (3.1.9a)

(C:\opt\MiKTeX\tex/generic/pgf/systemlayer\pgfsys-common-pdf.def
File: pgfsys-common-pdf.def 2021/05/15 v3.1.9a (3.1.9a)
)))
(C:\opt\MiKTeX\tex/generic/pgf/systemlayer\pgfsyssoftpath.code.tex
File: pgfsyssoftpath.code.tex 2021/05/15 v3.1.9a (3.1.9a)
\pgfsyssoftpath@smallbuffer@items=\count276
\pgfsyssoftpath@bigbuffer@items=\count277
)
(C:\opt\MiKTeX\tex/generic/pgf/systemlayer\pgfsysprotocol.code.tex
File: pgfsysprotocol.code.tex 2021/05/15 v3.1.9a (3.1.9a)
))
(C:\opt\MiKTeX\tex/latex/xcolor\xcolor.sty
Package: xcolor 2021/10/31 v2.13 LaTeX color extensions (UK)

(C:\opt\MiKTeX\tex/latex/graphics-cfg\color.cfg
File: color.cfg 2016/01/02 v1.6 sample color configuration
)
Package xcolor Info: Driver file: pdftex.def on input line 227.
Package xcolor Info: Model `cmy' substituted by `cmy0' on input line 1352.
Package xcolor Info: Model `hsb' substituted by `rgb' on input line 1356.
Package xcolor Info: Model `RGB' extended on input line 1368.
Package xcolor Info: Model `HTML' substituted by `rgb' on input line 1370.
Package xcolor Info: Model `Hsb' substituted by `hsb' on input line 1371.
Package xcolor Info: Model `tHsb' substituted by `hsb' on input line 1372.
Package xcolor Info: Model `HSB' substituted by `hsb' on input line 1373.
Package xcolor Info: Model `Gray' substituted by `gray' on input line 1374.
Package xcolor Info: Model `wave' substituted by `hsb' on input line 1375.
)
(C:\opt\MiKTeX\tex/generic/pgf/basiclayer\pgfcore.code.tex
Package: pgfcore 2021/05/15 v3.1.9a (3.1.9a)

(C:\opt\MiKTeX\tex/generic/pgf/math\pgfmath.code.tex
(C:\opt\MiKTeX\tex/generic/pgf/math\pgfmathcalc.code.tex
(C:\opt\MiKTeX\tex/generic/pgf/math\pgfmathutil.code.tex)
(C:\opt\MiKTeX\tex/generic/pgf/math\pgfmathparser.code.tex
\pgfmath@dimen=\dimen162
\pgfmath@count=\count278
\pgfmath@box=\box53
\pgfmath@toks=\toks29
\pgfmath@stack@operand=\toks30
\pgfmath@stack@operation=\toks31
)
(C:\opt\MiKTeX\tex/generic/pgf/math\pgfmathfunctions.code.tex
(C:\opt\MiKTeX\tex/generic/pgf/math\pgfmathfunctions.basic.code.tex)
(C:\opt\MiKTeX\tex/generic/pgf/math\pgfmathfunctions.trigonometric.code.tex)
(C:\opt\MiKTeX\tex/generic/pgf/math\pgfmathfunctions.random.code.tex)
(C:\opt\MiKTeX\tex/generic/pgf/math\pgfmathfunctions.comparison.code.tex)
(C:\opt\MiKTeX\tex/generic/pgf/math\pgfmathfunctions.base.code.tex)
(C:\opt\MiKTeX\tex/generic/pgf/math\pgfmathfunctions.round.code.tex)
(C:\opt\MiKTeX\tex/generic/pgf/math\pgfmathfunctions.misc.code.tex)
(C:\opt\MiKTeX\tex/generic/pgf/math\pgfmathfunctions.integerarithmetics.code.te
x))) (C:\opt\MiKTeX\tex/generic/pgf/math\pgfmathfloat.code.tex
\c@pgfmathroundto@lastzeros=\count279
))
(C:\opt\MiKTeX\tex/generic/pgf/math\pgfint.code.tex)
(C:\opt\MiKTeX\tex/generic/pgf/basiclayer\pgfcorepoints.code.tex
File: pgfcorepoints.code.tex 2021/05/15 v3.1.9a (3.1.9a)
\pgf@picminx=\dimen163
\pgf@picmaxx=\dimen164
\pgf@picminy=\dimen165
\pgf@picmaxy=\dimen166
\pgf@pathminx=\dimen167
\pgf@pathmaxx=\dimen168
\pgf@pathminy=\dimen169
\pgf@pathmaxy=\dimen170
\pgf@xx=\dimen171
\pgf@xy=\dimen172
\pgf@yx=\dimen173
\pgf@yy=\dimen174
\pgf@zx=\dimen175
\pgf@zy=\dimen176
)
(C:\opt\MiKTeX\tex/generic/pgf/basiclayer\pgfcorepathconstruct.code.tex
File: pgfcorepathconstruct.code.tex 2021/05/15 v3.1.9a (3.1.9a)
\pgf@path@lastx=\dimen177
\pgf@path@lasty=\dimen178
)
(C:\opt\MiKTeX\tex/generic/pgf/basiclayer\pgfcorepathusage.code.tex
File: pgfcorepathusage.code.tex 2021/05/15 v3.1.9a (3.1.9a)
\pgf@shorten@end@additional=\dimen179
\pgf@shorten@start@additional=\dimen180
)
(C:\opt\MiKTeX\tex/generic/pgf/basiclayer\pgfcorescopes.code.tex
File: pgfcorescopes.code.tex 2021/05/15 v3.1.9a (3.1.9a)
\pgfpic=\box54
\pgf@hbox=\box55
\pgf@layerbox@main=\box56
\pgf@picture@serial@count=\count280
)
(C:\opt\MiKTeX\tex/generic/pgf/basiclayer\pgfcoregraphicstate.code.tex
File: pgfcoregraphicstate.code.tex 2021/05/15 v3.1.9a (3.1.9a)
\pgflinewidth=\dimen181
)
(C:\opt\MiKTeX\tex/generic/pgf/basiclayer\pgfcoretransformations.code.tex
File: pgfcoretransformations.code.tex 2021/05/15 v3.1.9a (3.1.9a)
\pgf@pt@x=\dimen182
\pgf@pt@y=\dimen183
\pgf@pt@temp=\dimen184
)
(C:\opt\MiKTeX\tex/generic/pgf/basiclayer\pgfcorequick.code.tex
File: pgfcorequick.code.tex 2021/05/15 v3.1.9a (3.1.9a)
)
(C:\opt\MiKTeX\tex/generic/pgf/basiclayer\pgfcoreobjects.code.tex
File: pgfcoreobjects.code.tex 2021/05/15 v3.1.9a (3.1.9a)
)
(C:\opt\MiKTeX\tex/generic/pgf/basiclayer\pgfcorepathprocessing.code.tex
File: pgfcorepathprocessing.code.tex 2021/05/15 v3.1.9a (3.1.9a)
)
(C:\opt\MiKTeX\tex/generic/pgf/basiclayer\pgfcorearrows.code.tex
File: pgfcorearrows.code.tex 2021/05/15 v3.1.9a (3.1.9a)
\pgfarrowsep=\dimen185
)
(C:\opt\MiKTeX\tex/generic/pgf/basiclayer\pgfcoreshade.code.tex
File: pgfcoreshade.code.tex 2021/05/15 v3.1.9a (3.1.9a)
\pgf@max=\dimen186
\pgf@sys@shading@range@num=\count281
\pgf@shadingcount=\count282
)
(C:\opt\MiKTeX\tex/generic/pgf/basiclayer\pgfcoreimage.code.tex
File: pgfcoreimage.code.tex 2021/05/15 v3.1.9a (3.1.9a)

(C:\opt\MiKTeX\tex/generic/pgf/basiclayer\pgfcoreexternal.code.tex
File: pgfcoreexternal.code.tex 2021/05/15 v3.1.9a (3.1.9a)
\pgfexternal@startupbox=\box57
))
(C:\opt\MiKTeX\tex/generic/pgf/basiclayer\pgfcorelayers.code.tex
File: pgfcorelayers.code.tex 2021/05/15 v3.1.9a (3.1.9a)
)
(C:\opt\MiKTeX\tex/generic/pgf/basiclayer\pgfcoretransparency.code.tex
File: pgfcoretransparency.code.tex 2021/05/15 v3.1.9a (3.1.9a)
)
(C:\opt\MiKTeX\tex/generic/pgf/basiclayer\pgfcorepatterns.code.tex
File: pgfcorepatterns.code.tex 2021/05/15 v3.1.9a (3.1.9a)
)
(C:\opt\MiKTeX\tex/generic/pgf/basiclayer\pgfcorerdf.code.tex
File: pgfcorerdf.code.tex 2021/05/15 v3.1.9a (3.1.9a)
)))
(C:\opt\MiKTeX\tex/generic/pgf/modules\pgfmoduleshapes.code.tex
File: pgfmoduleshapes.code.tex 2021/05/15 v3.1.9a (3.1.9a)
\pgfnodeparttextbox=\box58
)
(C:\opt\MiKTeX\tex/generic/pgf/modules\pgfmoduleplot.code.tex
File: pgfmoduleplot.code.tex 2021/05/15 v3.1.9a (3.1.9a)
)
(C:\opt\MiKTeX\tex/latex/pgf/compatibility\pgfcomp-version-0-65.sty
Package: pgfcomp-version-0-65 2021/05/15 v3.1.9a (3.1.9a)
\pgf@nodesepstart=\dimen187
\pgf@nodesepend=\dimen188
)
(C:\opt\MiKTeX\tex/latex/pgf/compatibility\pgfcomp-version-1-18.sty
Package: pgfcomp-version-1-18 2021/05/15 v3.1.9a (3.1.9a)
))
(C:\opt\MiKTeX\tex/latex/pgf/utilities\pgffor.sty
(C:\opt\MiKTeX\tex/latex/pgf/utilities\pgfkeys.sty
(C:\opt\MiKTeX\tex/generic/pgf/utilities\pgfkeys.code.tex))
(C:\opt\MiKTeX\tex/latex/pgf/math\pgfmath.sty
(C:\opt\MiKTeX\tex/generic/pgf/math\pgfmath.code.tex))
(C:\opt\MiKTeX\tex/generic/pgf/utilities\pgffor.code.tex
Package: pgffor 2021/05/15 v3.1.9a (3.1.9a)

(C:\opt\MiKTeX\tex/generic/pgf/math\pgfmath.code.tex)
\pgffor@iter=\dimen189
\pgffor@skip=\dimen190
\pgffor@stack=\toks32
\pgffor@toks=\toks33
))
(C:\opt\MiKTeX\tex/generic/pgf/frontendlayer/tikz\tikz.code.tex
Package: tikz 2021/05/15 v3.1.9a (3.1.9a)

(C:\opt\MiKTeX\tex/generic/pgf/libraries\pgflibraryplothandlers.code.tex
File: pgflibraryplothandlers.code.tex 2021/05/15 v3.1.9a (3.1.9a)
\pgf@plot@mark@count=\count283
\pgfplotmarksize=\dimen191
)
\tikz@lastx=\dimen192
\tikz@lasty=\dimen193
\tikz@lastxsaved=\dimen194
\tikz@lastysaved=\dimen195
\tikz@lastmovetox=\dimen196
\tikz@lastmovetoy=\dimen197
\tikzleveldistance=\dimen198
\tikzsiblingdistance=\dimen199
\tikz@figbox=\box59
\tikz@figbox@bg=\box60
\tikz@tempbox=\box61
\tikz@tempbox@bg=\box62
\tikztreelevel=\count284
\tikznumberofchildren=\count285
\tikznumberofcurrentchild=\count286
\tikz@fig@count=\count287

(C:\opt\MiKTeX\tex/generic/pgf/modules\pgfmodulematrix.code.tex
File: pgfmodulematrix.code.tex 2021/05/15 v3.1.9a (3.1.9a)
\pgfmatrixcurrentrow=\count288
\pgfmatrixcurrentcolumn=\count289
\pgf@matrix@numberofcolumns=\count290
)
\tikz@expandcount=\count291

(C:\opt\MiKTeX\tex/generic/pgf/frontendlayer/tikz/libraries\tikzlibrarytopaths.
code.tex
File: tikzlibrarytopaths.code.tex 2021/05/15 v3.1.9a (3.1.9a)
))) (C:\opt\MiKTeX\tex/latex/pgfplots\pgfplots.sty
(C:\opt\MiKTeX\tex/generic/pgfplots\pgfplots.revision.tex)
Package: pgfplots 2021/05/15 v1.18.1 Data Visualization (1.18.1)

(C:\opt\MiKTeX\tex/generic/pgfplots\pgfplots.code.tex
(C:\opt\MiKTeX\tex/generic/pgfplots\pgfplotscore.code.tex
\t@pgfplots@toka=\toks34
\t@pgfplots@tokb=\toks35
\t@pgfplots@tokc=\toks36
\pgfplots@tmpa=\dimen256
\c@pgfplots@coordindex=\count292
\c@pgfplots@scanlineindex=\count293

(C:\opt\MiKTeX\tex/generic/pgfplots/sys\pgfplotssysgeneric.code.tex))
(C:\opt\MiKTeX\tex/generic/pgfplots/libs\pgfplotslibrary.code.tex)
(C:\opt\MiKTeX\tex/generic/pgfplots/oldpgfcompatib\pgfplotsoldpgfsupp_loader.co
de.tex (C:\opt\MiKTeX\tex/generic/pgf/libraries\pgflibraryfpu.code.tex))
(C:\opt\MiKTeX\tex/generic/pgfplots/util\pgfplotsutil.code.tex
(C:\opt\MiKTeX\tex/generic/pgfplots/liststructure\pgfplotsliststructure.code.te
x)
(C:\opt\MiKTeX\tex/generic/pgfplots/liststructure\pgfplotsliststructureext.code
.tex) (C:\opt\MiKTeX\tex/generic/pgfplots/liststructure\pgfplotsarray.code.tex
\c@pgfplotsarray@tmp=\count294
) (C:\opt\MiKTeX\tex/generic/pgfplots/liststructure\pgfplotsmatrix.code.tex)
(C:\opt\MiKTeX\tex/generic/pgfplots/numtable\pgfplotstableshared.code.tex
\c@pgfplotstable@counta=\count295
\t@pgfplotstable@a=\toks37
)
(C:\opt\MiKTeX\tex/generic/pgfplots/liststructure\pgfplotsdeque.code.tex)
(C:\opt\MiKTeX\tex/generic/pgfplots/util\pgfplotsbinary.code.tex
(C:\opt\MiKTeX\tex/generic/pgfplots/util\pgfplotsbinary.data.code.tex))
(C:\opt\MiKTeX\tex/generic/pgfplots/util\pgfplotsutil.verb.code.tex)
(C:\opt\MiKTeX\tex/generic/pgfplots/libs\pgflibrarypgfplots.surfshading.code.te
x
\c@pgfplotslibrarysurf@no=\count296

(C:\opt\MiKTeX\tex/generic/pgfplots/sys\pgflibrarypgfplots.surfshading.pgfsys-p
dftex.def))) (C:\opt\MiKTeX\tex/generic/pgfplots/util\pgfplotscolormap.code.tex
(C:\opt\MiKTeX\tex/generic/pgfplots/util\pgfplotscolor.code.tex))
(C:\opt\MiKTeX\tex/generic/pgfplots\pgfplotsstackedplots.code.tex)
(C:\opt\MiKTeX\tex/generic/pgfplots\pgfplotsplothandlers.code.tex
(C:\opt\MiKTeX\tex/generic/pgfplots\pgfplotsmeshplothandler.code.tex
(C:\opt\MiKTeX\tex/generic/pgfplots\pgfplotsmeshplotimage.code.tex)))
(C:\opt\MiKTeX\tex/generic/pgfplots\pgfplots.scaling.code.tex)
(C:\opt\MiKTeX\tex/generic/pgfplots\pgfplotscoordprocessing.code.tex)
(C:\opt\MiKTeX\tex/generic/pgfplots\pgfplots.errorbars.code.tex)
(C:\opt\MiKTeX\tex/generic/pgfplots\pgfplots.markers.code.tex)
(C:\opt\MiKTeX\tex/generic/pgfplots\pgfplotsticks.code.tex)
(C:\opt\MiKTeX\tex/generic/pgfplots\pgfplots.paths.code.tex)
(C:\opt\MiKTeX\tex/generic/pgf/frontendlayer/tikz/libraries\tikzlibrarydecorati
ons.code.tex
(C:\opt\MiKTeX\tex/generic/pgf/modules\pgfmoduledecorations.code.tex
\pgfdecoratedcompleteddistance=\dimen257
\pgfdecoratedremainingdistance=\dimen258
\pgfdecoratedinputsegmentcompleteddistance=\dimen259
\pgfdecoratedinputsegmentremainingdistance=\dimen260
\pgf@decorate@distancetomove=\dimen261
\pgf@decorate@repeatstate=\count297
\pgfdecorationsegmentamplitude=\dimen262
\pgfdecorationsegmentlength=\dimen263
)
\tikz@lib@dec@box=\box63
)
(C:\opt\MiKTeX\tex/generic/pgf/frontendlayer/tikz/libraries\tikzlibrarydecorati
ons.pathmorphing.code.tex
(C:\opt\MiKTeX\tex/generic/pgf/libraries/decorations\pgflibrarydecorations.path
morphing.code.tex))
(C:\opt\MiKTeX\tex/generic/pgf/frontendlayer/tikz/libraries\tikzlibrarydecorati
ons.pathreplacing.code.tex
(C:\opt\MiKTeX\tex/generic/pgf/libraries/decorations\pgflibrarydecorations.path
replacing.code.tex))
(C:\opt\MiKTeX\tex/generic/pgfplots/libs\tikzlibrarypgfplots.contourlua.code.te
x)
\pgfplots@numplots=\count298
\pgfplots@xmin@reg=\dimen264
\pgfplots@xmax@reg=\dimen265
\pgfplots@ymin@reg=\dimen266
\pgfplots@ymax@reg=\dimen267
\pgfplots@zmin@reg=\dimen268
\pgfplots@zmax@reg=\dimen269
)
(C:\opt\MiKTeX\tex/generic/pgf/frontendlayer/tikz/libraries\tikzlibraryplotmark
s.code.tex
File: tikzlibraryplotmarks.code.tex 2021/05/15 v3.1.9a (3.1.9a)

(C:\opt\MiKTeX\tex/generic/pgf/libraries\pgflibraryplotmarks.code.tex
File: pgflibraryplotmarks.code.tex 2021/05/15 v3.1.9a (3.1.9a)
)))
(C:\opt\MiKTeX\tex/latex/subfig\subfig.sty
Package: subfig 2005/06/28 ver: 1.3 subfig package

(C:\opt\MiKTeX\tex/latex/caption\caption.sty
Package: caption 2022/03/01 v3.6b Customizing captions (AR)

(C:\opt\MiKTeX\tex/latex/caption\caption3.sty
Package: caption3 2022/03/17 v2.3b caption3 kernel (AR)
\caption@tempdima=\dimen270
\captionmargin=\dimen271
\caption@leftmargin=\dimen272
\caption@rightmargin=\dimen273
\caption@width=\dimen274
\caption@indent=\dimen275
\caption@parindent=\dimen276
\caption@hangindent=\dimen277
Package caption Info: Standard document class detected.
)
\c@caption@flags=\count299
\c@continuedfloat=\count300
)
\c@KVtest=\count301
\sf@farskip=\skip52
\sf@captopadj=\dimen278
\sf@capskip=\skip53
\sf@nearskip=\skip54
\c@subfigure=\count302
\c@subfigure@save=\count303
\c@lofdepth=\count304
\c@subtable=\count305
\c@subtable@save=\count306
\c@lotdepth=\count307
\sf@top=\skip55
\sf@bottom=\skip56
)
(C:\opt\MiKTeX\tex/latex/physics\physics.sty
Package: physics 

(C:\opt\MiKTeX\tex/latex/l3packages/xparse\xparse.sty
(C:\opt\MiKTeX\tex/latex/l3kernel\expl3.sty
Package: expl3 2022-02-24 L3 programming layer (loader) 

(C:\opt\MiKTeX\tex/latex/l3backend\l3backend-pdftex.def
File: l3backend-pdftex.def 2022-02-07 L3 backend support: PDF output (pdfTeX)
\l__color_backend_stack_int=\count308
\l__pdf_internal_box=\box64
))
Package: xparse 2022-01-12 L3 Experimental document command parser
))
(C:\opt\MiKTeX\tex/latex/algorithmicx\algorithmicx.sty
Package: algorithmicx 2005/04/27 v1.2 Algorithmicx

(C:\opt\MiKTeX\tex/latex/base\ifthen.sty
Package: ifthen 2020/11/24 v1.1c Standard LaTeX ifthen package (DPC)
)
Document Style algorithmicx 1.2 - a greatly improved `algorithmic' style
\c@ALG@line=\count309
\c@ALG@rem=\count310
\c@ALG@nested=\count311
\ALG@tlm=\skip57
\ALG@thistlm=\skip58
\c@ALG@Lnr=\count312
\c@ALG@blocknr=\count313
\c@ALG@storecount=\count314
\c@ALG@tmpcounter=\count315
\ALG@tmplength=\skip59
) (C:\opt\MiKTeX\tex/latex/algorithmicx\algpseudocode.sty
Package: algpseudocode 

Document Style - pseudocode environments for use with the `algorithmicx' style
) (C:\opt\MiKTeX\tex/latex/listings\listings.sty
\lst@mode=\count316
\lst@gtempboxa=\box65
\lst@token=\toks38
\lst@length=\count317
\lst@currlwidth=\dimen279
\lst@column=\count318
\lst@pos=\count319
\lst@lostspace=\dimen280
\lst@width=\dimen281
\lst@newlines=\count320
\lst@lineno=\count321
\lst@maxwidth=\dimen282

(C:\opt\MiKTeX\tex/latex/listings\lstmisc.sty
File: lstmisc.sty 2020/03/24 1.8d (Carsten Heinz)
\c@lstnumber=\count322
\lst@skipnumbers=\count323
\lst@framebox=\box66
)
(C:\opt\MiKTeX\tex/latex/listings\listings.cfg
File: listings.cfg 2020/03/24 1.8d listings configuration
))
Package: listings 2020/03/24 1.8d (Carsten Heinz)

(C:\opt\MiKTeX\tex/latex/lstaddons\lstautogobble.sty
Package: lstautogobble 2012/05/03 v0.1 Implements 'autogobble' option for 'list
ings'
\lstag@spacecount=\count324
)
(C:\opt\MiKTeX\tex/latex/inconsolata\zi4.sty
Package: zi4 2019/05/17 v1.12

`inconsolata-zi4' v1.12, 2019/05/17 Text macros for Inconsolata (msharpe)
(C:\opt\MiKTeX\tex/latex/base\textcomp.sty
Package: textcomp 2020/02/02 v2.0n Standard LaTeX package
)
(C:\opt\MiKTeX\tex/latex/xkeyval\xkeyval.sty
Package: xkeyval 2020/11/20 v2.8 package option processing (HA)

(C:\opt\MiKTeX\tex/generic/xkeyval\xkeyval.tex
(C:\opt\MiKTeX\tex/generic/xkeyval\xkvutils.tex
\XKV@toks=\toks39
\XKV@tempa@toks=\toks40
)
\XKV@depth=\count325
File: xkeyval.tex 2014/12/03 v2.7a key=value parser (HA)
))
\zifour@ocount=\count326
)
(C:\opt\MiKTeX\tex/latex/hyperref\hyperref.sty
Package: hyperref 2022-02-21 v7.00n Hypertext links for LaTeX

(C:\opt\MiKTeX\tex/generic/ltxcmds\ltxcmds.sty
Package: ltxcmds 2020-05-10 v1.25 LaTeX kernel commands for general use (HO)
)
(C:\opt\MiKTeX\tex/generic/iftex\iftex.sty
Package: iftex 2022/02/03 v1.0f TeX engine tests
)
(C:\opt\MiKTeX\tex/generic/pdftexcmds\pdftexcmds.sty
Package: pdftexcmds 2020-06-27 v0.33 Utility functions of pdfTeX for LuaTeX (HO
)

(C:\opt\MiKTeX\tex/generic/infwarerr\infwarerr.sty
Package: infwarerr 2019/12/03 v1.5 Providing info/warning/error messages (HO)
)
Package pdftexcmds Info: \pdf@primitive is available.
Package pdftexcmds Info: \pdf@ifprimitive is available.
Package pdftexcmds Info: \pdfdraftmode found.
)
(C:\opt\MiKTeX\tex/generic/kvsetkeys\kvsetkeys.sty
Package: kvsetkeys 2019/12/15 v1.18 Key value parser (HO)
)
(C:\opt\MiKTeX\tex/generic/kvdefinekeys\kvdefinekeys.sty
Package: kvdefinekeys 2019-12-19 v1.6 Define keys (HO)
)
(C:\opt\MiKTeX\tex/generic/pdfescape\pdfescape.sty
Package: pdfescape 2019/12/09 v1.15 Implements pdfTeX's escape features (HO)
)
(C:\opt\MiKTeX\tex/latex/hycolor\hycolor.sty
Package: hycolor 2020-01-27 v1.10 Color options for hyperref/bookmark (HO)
)
(C:\opt\MiKTeX\tex/latex/letltxmacro\letltxmacro.sty
Package: letltxmacro 2019/12/03 v1.6 Let assignment for LaTeX macros (HO)
)
(C:\opt\MiKTeX\tex/latex/auxhook\auxhook.sty
Package: auxhook 2019-12-17 v1.6 Hooks for auxiliary files (HO)
)
(C:\opt\MiKTeX\tex/latex/kvoptions\kvoptions.sty
Package: kvoptions 2020-10-07 v3.14 Key value format for package options (HO)
)
\@linkdim=\dimen283
\Hy@linkcounter=\count327
\Hy@pagecounter=\count328

(C:\opt\MiKTeX\tex/latex/hyperref\pd1enc.def
File: pd1enc.def 2022-02-21 v7.00n Hyperref: PDFDocEncoding definition (HO)
Now handling font encoding PD1 ...
... no UTF-8 mapping file for font encoding PD1
)
(C:\opt\MiKTeX\tex/generic/intcalc\intcalc.sty
Package: intcalc 2019/12/15 v1.3 Expandable calculations with integers (HO)
)
(C:\opt\MiKTeX\tex/generic/etexcmds\etexcmds.sty
Package: etexcmds 2019/12/15 v1.7 Avoid name clashes with e-TeX commands (HO)
)
\Hy@SavedSpaceFactor=\count329

(C:\opt\MiKTeX\tex/latex/hyperref\puenc.def
File: puenc.def 2022-02-21 v7.00n Hyperref: PDF Unicode definition (HO)
Now handling font encoding PU ...
... no UTF-8 mapping file for font encoding PU
)
Package hyperref Info: Hyper figures OFF on input line 4137.
Package hyperref Info: Link nesting OFF on input line 4142.
Package hyperref Info: Hyper index ON on input line 4145.
Package hyperref Info: Plain pages OFF on input line 4152.
Package hyperref Info: Backreferencing OFF on input line 4157.
Package hyperref Info: Implicit mode ON; LaTeX internals redefined.
Package hyperref Info: Bookmarks ON on input line 4390.
\c@Hy@tempcnt=\count330

(C:\opt\MiKTeX\tex/latex/url\url.sty
\Urlmuskip=\muskip17
Package: url 2013/09/16  ver 3.4  Verb mode for urls, etc.
)
LaTeX Info: Redefining \url on input line 4749.
\XeTeXLinkMargin=\dimen284

(C:\opt\MiKTeX\tex/generic/bitset\bitset.sty
Package: bitset 2019/12/09 v1.3 Handle bit-vector datatype (HO)

(C:\opt\MiKTeX\tex/generic/bigintcalc\bigintcalc.sty
Package: bigintcalc 2019/12/15 v1.5 Expandable calculations on big integers (HO
)
))
\Fld@menulength=\count331
\Field@Width=\dimen285
\Fld@charsize=\dimen286
Package hyperref Info: Hyper figures OFF on input line 6027.
Package hyperref Info: Link nesting OFF on input line 6032.
Package hyperref Info: Hyper index ON on input line 6035.
Package hyperref Info: backreferencing OFF on input line 6042.
Package hyperref Info: Link coloring OFF on input line 6047.
Package hyperref Info: Link coloring with OCG OFF on input line 6052.
Package hyperref Info: PDF/A mode OFF on input line 6057.
LaTeX Info: Redefining \ref on input line 6097.
LaTeX Info: Redefining \pageref on input line 6101.

(C:\opt\MiKTeX\tex/latex/base\atbegshi-ltx.sty
Package: atbegshi-ltx 2021/01/10 v1.0c Emulation of the original atbegshi
package with kernel methods
)
\Hy@abspage=\count332
\c@Item=\count333
\c@Hfootnote=\count334
)
Package hyperref Info: Driver (autodetected): hpdftex.

(C:\opt\MiKTeX\tex/latex/hyperref\hpdftex.def
File: hpdftex.def 2022-02-21 v7.00n Hyperref driver for pdfTeX

(C:\opt\MiKTeX\tex/latex/base\atveryend-ltx.sty
Package: atveryend-ltx 2020/08/19 v1.0a Emulation of the original atveryend pac
kage
with kernel methods
)
\Fld@listcount=\count335
\c@bookmark@seq@number=\count336

(C:\opt\MiKTeX\tex/latex/rerunfilecheck\rerunfilecheck.sty
Package: rerunfilecheck 2022-07-10 v1.10 Rerun checks for auxiliary files (HO)

(C:\opt\MiKTeX\tex/generic/uniquecounter\uniquecounter.sty
Package: uniquecounter 2019/12/15 v1.4 Provide unlimited unique counter (HO)
)
Package uniquecounter Info: New unique counter `rerunfilecheck' on input line 2
85.
)
\Hy@SectionHShift=\skip60
)
(C:\opt\MiKTeX\tex/latex/yfonts\yfonts.sty
Package: yfonts 2019/04/04 v1.4 (WaS&NP)
Now handling font encoding LY ...
... no UTF-8 mapping file for font encoding LY
Now handling font encoding LYG ...
... no UTF-8 mapping file for font encoding LYG
LaTeX Info: Composite with undeclared \" in encoding LYG on input line 58.
)
(C:\opt\MiKTeX\tex/latex/lipsum\lipsum.sty
(C:\opt\MiKTeX\tex/latex/l3packages/l3keys2e\l3keys2e.sty
Package: l3keys2e 2022-01-12 LaTeX2e option processing using LaTeX3 keys
)
Package: lipsum 2021-09-20 v2.7 150 paragraphs of Lorem Ipsum dummy text
\g__lipsum_par_int=\count337
\l__lipsum_a_int=\count338
\l__lipsum_b_int=\count339

(C:\opt\MiKTeX\tex/latex/lipsum\lipsum.ltd.tex))
(C:\opt\MiKTeX\tex/latex/adjustbox\adjustbox.sty
Package: adjustbox 2020/08/19 v1.3 Adjusting TeX boxes (trim, clip, ...)

(C:\opt\MiKTeX\tex/latex/adjustbox\adjcalc.sty
Package: adjcalc 2012/05/16 v1.1 Provides advanced setlength with multiple back
-ends (calc, etex, pgfmath)
)
(C:\opt\MiKTeX\tex/latex/adjustbox\trimclip.sty
Package: trimclip 2020/08/19 v1.2 Trim and clip general TeX material

(C:\opt\MiKTeX\tex/latex/collectbox\collectbox.sty
Package: collectbox 2012/05/17 v0.4b Collect macro arguments as boxes
\collectedbox=\box67
)
\tc@llx=\dimen287
\tc@lly=\dimen288
\tc@urx=\dimen289
\tc@ury=\dimen290
Package trimclip Info: Using driver 'tc-pdftex.def'.

(C:\opt\MiKTeX\tex/latex/adjustbox\tc-pdftex.def
File: tc-pdftex.def 2019/01/04 v2.2 Clipping driver for pdftex
))
\adjbox@Width=\dimen291
\adjbox@Height=\dimen292
\adjbox@Depth=\dimen293
\adjbox@Totalheight=\dimen294
\adjbox@pwidth=\dimen295
\adjbox@pheight=\dimen296
\adjbox@pdepth=\dimen297
\adjbox@ptotalheight=\dimen298

(C:\opt\MiKTeX\tex/latex/ifoddpage\ifoddpage.sty
Package: ifoddpage 2016/04/23 v1.1 Conditionals for odd/even page detection
\c@checkoddpage=\count340
)
(C:\opt\MiKTeX\tex/latex/varwidth\varwidth.sty
Package: varwidth 2009/03/30 ver 0.92;  Variable-width minipages
\@vwid@box=\box68
\sift@deathcycles=\count341
\@vwid@loff=\dimen299
\@vwid@roff=\dimen300
))
(C:\opt\MiKTeX\tex/latex/sttools\flushend.sty
Package: flushend 2021/10/04 v4.0 Balancing columns in twocolumn mode
\flushend@@lastskip@a=\skip61
\flushend@@lastskip@b=\skip62
\flushend@@lastnode=\count342
\var@@loop@iter=\count343
\var@@temp@spread=\dimen301
\var@@temp@a=\dimen302
\var@@temp@loop=\dimen303
\flushend@@page@rule=\dimen304
\flushend@@varbox@lastpage=\box69
\flushend@@varbox@a=\box70
\flushend@@varbox@c=\box71
\flushend@@tempbox@a=\box72
\flushend@@tempbox@c=\box73
\flushend@@floatbox=\box74
\@viper=\box75
\hold@viper=\box76
\atColsBreak=\toks41
\atColsEnd=\toks42
\oldbreak@skip=\dimen305
)
(C:\opt\MiKTeX\tex/latex/booktabs\booktabs.sty
Package: booktabs 2020/01/12 v1.61803398 Publication quality tables
\heavyrulewidth=\dimen306
\lightrulewidth=\dimen307
\cmidrulewidth=\dimen308
\belowrulesep=\dimen309
\belowbottomsep=\dimen310
\aboverulesep=\dimen311
\abovetopsep=\dimen312
\cmidrulesep=\dimen313
\cmidrulekern=\dimen314
\defaultaddspace=\dimen315
\@cmidla=\count344
\@cmidlb=\count345
\@aboverulesep=\dimen316
\@belowrulesep=\dimen317
\@thisruleclass=\count346
\@lastruleclass=\count347
\@thisrulewidth=\dimen318
)
(C:\opt\MiKTeX\tex/latex/siunitx\siunitx.sty
Package: siunitx 2022-08-08 v3.1.6 A comprehensive (SI) units package
\l__siunitx_angle_tmp_dim=\dimen319
\l__siunitx_angle_marker_box=\box77
\l__siunitx_angle_unit_box=\box78
\l__siunitx_compound_count_int=\count348

(C:\opt\MiKTeX\tex/latex/translations\translations.sty
Package: translations 2022/02/05 v1.12 internationalization of LaTeX2e packages
 (CN)

(C:\opt\MiKTeX\tex/latex/etoolbox\etoolbox.sty
Package: etoolbox 2020/10/05 v2.5k e-TeX tools for LaTeX (JAW)
\etb@tempcnta=\count349
))
\l__siunitx_number_exponent_fixed_int=\count350
\l__siunitx_number_min_decimal_int=\count351
\l__siunitx_number_min_integer_int=\count352
\l__siunitx_number_round_precision_int=\count353
\l__siunitx_number_group_first_int=\count354
\l__siunitx_number_group_size_int=\count355
\l__siunitx_number_group_minimum_int=\count356
\l__siunitx_table_tmp_box=\box79
\l__siunitx_table_tmp_dim=\dimen320
\l__siunitx_table_column_width_dim=\dimen321
\l__siunitx_table_integer_box=\box80
\l__siunitx_table_decimal_box=\box81
\l__siunitx_table_before_box=\box82
\l__siunitx_table_after_box=\box83
\l__siunitx_table_before_dim=\dimen322
\l__siunitx_table_carry_dim=\dimen323
\l__siunitx_unit_tmp_int=\count357
\l__siunitx_unit_position_int=\count358
\l__siunitx_unit_total_int=\count359

(C:\opt\MiKTeX\tex/latex/tools\array.sty
Package: array 2021/10/04 v2.5f Tabular extension package (FMi)
\col@sep=\dimen324
\ar@mcellbox=\box84
\extrarowheight=\dimen325
\NC@list=\toks43
\extratabsurround=\skip63
\backup@length=\skip64
\ar@cellbox=\box85
))
(C:\opt\MiKTeX\tex/latex/blindtext\blindtext.sty
Package: blindtext 2012/01/06 V2.0 blindtext-Package

(C:\opt\MiKTeX\tex/latex/tools\xspace.sty
Package: xspace 2014/10/28 v1.13 Space after command names (DPC,MH)
)
\c@blindtext=\count360
\c@Blindtext=\count361
\c@blind@countparstart=\count362
\blind@countxx=\count363
\blindtext@numBlindtext=\count364
\blind@countyy=\count365
\c@blindlist=\count366
\c@blindlistlevel=\count367
\c@blindlist@level=\count368
\blind@listitem=\count369
\c@blind@listcount=\count370
\c@blind@levelcount=\count371
\blind@mathformula=\count372
\blind@Mathformula=\count373
\c@blind@randomcount=\count374
\c@blind@randommax=\count375
\c@blind@pangramcount=\count376
\c@blind@pangrammax=\count377
)
(C:\opt\MiKTeX\tex/latex/tools\multicol.sty
Package: multicol 2021/10/28 v1.9b multicolumn formatting (FMi)
\c@tracingmulticols=\count378
\mult@box=\box86
\multicol@leftmargin=\dimen326
\c@unbalance=\count379
\c@collectmore=\count380
\doublecol@number=\count381
\multicoltolerance=\count382
\multicolpretolerance=\count383
\full@width=\dimen327
\page@free=\dimen328
\premulticols=\dimen329
\postmulticols=\dimen330
\multicolsep=\skip65
\multicolbaselineskip=\skip66
\partial@page=\box87
\last@line=\box88
\maxbalancingoverflow=\dimen331
\mult@rightbox=\box89
\mult@grightbox=\box90
\mult@firstbox=\box91
\mult@gfirstbox=\box92
\@tempa=\box93
\@tempa=\box94
\@tempa=\box95
\@tempa=\box96
\@tempa=\box97
\@tempa=\box98
\@tempa=\box99
\@tempa=\box100
\@tempa=\box101
\@tempa=\box102
\@tempa=\box103
\@tempa=\box104
\@tempa=\box105
\@tempa=\box106
\@tempa=\box107
\@tempa=\box108
\@tempa=\box109
\@tempa=\box110
\@tempa=\box111
\@tempa=\box112
\@tempa=\box113
\@tempa=\box114
\@tempa=\box115
\@tempa=\box116
\@tempa=\box117
\@tempa=\box118
\@tempa=\box119
\@tempa=\box120
\@tempa=\box121
\@tempa=\box122
\@tempa=\box123
\@tempa=\box124
\@tempa=\box125
\@tempa=\box126
\@tempa=\box127
\@tempa=\box128
\c@minrows=\count384
\c@columnbadness=\count385
\c@finalcolumnbadness=\count386
\last@try=\dimen332
\multicolovershoot=\dimen333
\multicolundershoot=\dimen334
\mult@nat@firstbox=\box129
\colbreak@box=\box130
\mc@col@check@num=\count387
)
(C:\opt\MiKTeX\tex/latex/tcolorbox\tcolorbox.sty
Package: tcolorbox 2022/01/07 version 5.0.2 text color boxes

(C:\opt\MiKTeX\tex/latex/tools\verbatim.sty
Package: verbatim 2020-07-07 v1.5u LaTeX2e package for verbatim enhancements
\every@verbatim=\toks44
\verbatim@line=\toks45
\verbatim@in@stream=\read3
)
(C:\opt\MiKTeX\tex/latex/environ\environ.sty
Package: environ 2014/05/04 v0.3 A new way to define environments

(C:\opt\MiKTeX\tex/latex/trimspaces\trimspaces.sty
Package: trimspaces 2009/09/17 v1.1 Trim spaces around a token list
))
\tcb@titlebox=\box131
\tcb@upperbox=\box132
\tcb@lowerbox=\box133
\tcb@phantombox=\box134
\c@tcbbreakpart=\count388
\c@tcblayer=\count389
\c@tcolorbox@number=\count390
\tcb@temp=\box135
\tcb@temp=\box136
\tcb@temp=\box137
\tcb@temp=\box138

(C:\opt\MiKTeX\tex/latex/tcolorbox\tcbbreakable.code.tex
Library (tcolorbox): 'tcbbreakable.code.tex' version '5.0.2'
(C:\opt\MiKTeX\tex/generic/oberdiek\pdfcol.sty
Package: pdfcol 2019/12/29 v1.6 Handle new color stacks for pdfTeX (HO)
)
Package pdfcol Info: New color stack `tcb@breakable' = 1 on input line 23.
\tcb@testbox=\box139
\tcb@totalupperbox=\box140
\tcb@totallowerbox=\box141
)
(C:\opt\MiKTeX\tex/latex/tcolorbox\tcbskins.code.tex
Library (tcolorbox): 'tcbskins.code.tex' version '5.0.2'
\tcb@waterbox=\box142
(C:\opt\MiKTeX\tex/latex/tcolorbox\tcbskinsjigsaw.code.tex
Library (tcolorbox): 'tcbskinsjigsaw.code.tex' version '5.0.2'
))) (C:\opt\MiKTeX\tex/latex/microtype\microtype.sty
Package: microtype 2022/06/23 v3.0f Micro-typographical refinements (RS)
\MT@toks=\toks46
\MT@tempbox=\box143
\MT@count=\count391
LaTeX Info: Redefining \noprotrusionifhmode on input line 1045.
LaTeX Info: Redefining \leftprotrusion on input line 1046.
LaTeX Info: Redefining \rightprotrusion on input line 1056.
LaTeX Info: Redefining \textls on input line 1234.
\MT@outer@kern=\dimen335
LaTeX Info: Redefining \textmicrotypecontext on input line 1858.
\MT@listname@count=\count392

(C:\opt\MiKTeX\tex/latex/microtype\microtype-pdftex.def
File: microtype-pdftex.def 2022/06/23 v3.0f Definitions specific to pdftex (RS)

LaTeX Info: Redefining \lsstyle on input line 900.
LaTeX Info: Redefining \lslig on input line 900.
\MT@outer@space=\skip67
)
Package microtype Info: Loading configuration file microtype.cfg.

(C:\opt\MiKTeX\tex/latex/microtype\microtype.cfg
File: microtype.cfg 2022/06/23 v3.0f microtype main configuration file (RS)
))
(C:\opt\MiKTeX\tex/latex/fontawesome\fontawesome.sty
Package: fontawesome 2016/05/15 v4.6.3.1 font awesome icons

(C:\opt\MiKTeX\tex/generic/iftex\ifxetex.sty
Package: ifxetex 2019/10/25 v0.7 ifxetex legacy package. Use iftex instead.
)
(C:\opt\MiKTeX\tex/generic/iftex\ifluatex.sty
Package: ifluatex 2019/10/25 v1.5 ifluatex legacy package. Use iftex instead.
)
(C:\opt\MiKTeX\tex/latex/fontawesome\fontawesomesymbols-generic.tex)
(C:\opt\MiKTeX\tex/latex/fontawesome\fontawesomesymbols-pdftex.tex))
(C:\opt\MiKTeX\tex/generic/pgf/frontendlayer/tikz/libraries\tikzlibraryshapes.c
ode.tex
File: tikzlibraryshapes.code.tex 2021/05/15 v3.1.9a (3.1.9a)

(C:\opt\MiKTeX\tex/generic/pgf/frontendlayer/tikz/libraries\tikzlibraryshapes.g
eometric.code.tex
File: tikzlibraryshapes.geometric.code.tex 2021/05/15 v3.1.9a (3.1.9a)

(C:\opt\MiKTeX\tex/generic/pgf/libraries/shapes\pgflibraryshapes.geometric.code
.tex
File: pgflibraryshapes.geometric.code.tex 2021/05/15 v3.1.9a (3.1.9a)
))
(C:\opt\MiKTeX\tex/generic/pgf/frontendlayer/tikz/libraries\tikzlibraryshapes.m
isc.code.tex
File: tikzlibraryshapes.misc.code.tex 2021/05/15 v3.1.9a (3.1.9a)

(C:\opt\MiKTeX\tex/generic/pgf/libraries/shapes\pgflibraryshapes.misc.code.tex
File: pgflibraryshapes.misc.code.tex 2021/05/15 v3.1.9a (3.1.9a)
))
(C:\opt\MiKTeX\tex/generic/pgf/frontendlayer/tikz/libraries\tikzlibraryshapes.s
ymbols.code.tex
File: tikzlibraryshapes.symbols.code.tex 2021/05/15 v3.1.9a (3.1.9a)

(C:\opt\MiKTeX\tex/generic/pgf/libraries/shapes\pgflibraryshapes.symbols.code.t
ex
File: pgflibraryshapes.symbols.code.tex 2021/05/15 v3.1.9a (3.1.9a)
))
(C:\opt\MiKTeX\tex/generic/pgf/frontendlayer/tikz/libraries\tikzlibraryshapes.a
rrows.code.tex
File: tikzlibraryshapes.arrows.code.tex 2021/05/15 v3.1.9a (3.1.9a)

(C:\opt\MiKTeX\tex/generic/pgf/libraries/shapes\pgflibraryshapes.arrows.code.te
x
File: pgflibraryshapes.arrows.code.tex 2021/05/15 v3.1.9a (3.1.9a)
))
(C:\opt\MiKTeX\tex/generic/pgf/frontendlayer/tikz/libraries\tikzlibraryshapes.c
allouts.code.tex
(C:\opt\MiKTeX\tex/generic/pgf/libraries/shapes\pgflibraryshapes.callouts.code.
tex))
(C:\opt\MiKTeX\tex/generic/pgf/frontendlayer/tikz/libraries\tikzlibraryshapes.m
ultipart.code.tex
File: tikzlibraryshapes.multipart.code.tex 2021/05/15 v3.1.9a (3.1.9a)

(C:\opt\MiKTeX\tex/generic/pgf/libraries/shapes\pgflibraryshapes.multipart.code
.tex
File: pgflibraryshapes.multipart.code.tex 2021/05/15 v3.1.9a (3.1.9a)
\pgfnodepartlowerbox=\box144
\pgfnodeparttwobox=\box145
\pgfnodepartthreebox=\box146
\pgfnodepartfourbox=\box147
\pgfnodeparttwentybox=\box148
\pgfnodepartnineteenbox=\box149
\pgfnodeparteighteenbox=\box150
\pgfnodepartseventeenbox=\box151
\pgfnodepartsixteenbox=\box152
\pgfnodepartfifteenbox=\box153
\pgfnodepartfourteenbox=\box154
\pgfnodepartthirteenbox=\box155
\pgfnodeparttwelvebox=\box156
\pgfnodepartelevenbox=\box157
\pgfnodeparttenbox=\box158
\pgfnodepartninebox=\box159
\pgfnodeparteightbox=\box160
\pgfnodepartsevenbox=\box161
\pgfnodepartsixbox=\box162
\pgfnodepartfivebox=\box163
)))
(C:\opt\MiKTeX\tex/generic/pgf/frontendlayer/tikz/libraries\tikzlibrarycalc.cod
e.tex
File: tikzlibrarycalc.code.tex 2021/05/15 v3.1.9a (3.1.9a)
)
(C:\opt\MiKTeX\tex/generic/pgf/frontendlayer/tikz/libraries\tikzlibraryarrows.c
ode.tex
File: tikzlibraryarrows.code.tex 2021/05/15 v3.1.9a (3.1.9a)
 (C:\opt\MiKTeX\tex/generic/pgf/libraries\pgflibraryarrows.code.tex
File: pgflibraryarrows.code.tex 2021/05/15 v3.1.9a (3.1.9a)
\arrowsize=\dimen336
))
(C:\opt\MiKTeX\tex/generic/pgf/frontendlayer/tikz/libraries\tikzlibrary3d.code.
tex
File: tikzlibrary3d.code.tex 2021/05/15 v3.1.9a (3.1.9a)
)
(C:\opt\MiKTeX\tex/generic/pgf/frontendlayer/tikz/libraries\tikzlibraryfit.code
.tex
File: tikzlibraryfit.code.tex 2021/05/15 v3.1.9a (3.1.9a)
)
(C:\opt\MiKTeX\tex/generic/pgf/frontendlayer/tikz/libraries\tikzlibrarybackgrou
nds.code.tex
File: tikzlibrarybackgrounds.code.tex 2021/05/15 v3.1.9a (3.1.9a)
\pgf@layerbox@background=\box164
\pgf@layerboxsaved@background=\box165
)
(C:\opt\MiKTeX\tex/generic/pgf/frontendlayer/tikz/libraries\tikzlibrarydecorati
ons.text.code.tex
(C:\opt\MiKTeX\tex/generic/pgf/libraries/decorations\pgflibrarydecorations.text
.code.tex
\pgf@lib@dec@text@box=\box166
)
\tikz@lib@dec@te@box=\box167
)
(C:\opt\MiKTeX\tex/generic/pgf/frontendlayer/tikz/libraries\tikzlibraryposition
ing.code.tex
File: tikzlibrarypositioning.code.tex 2021/05/15 v3.1.9a (3.1.9a)
) (C:\opt\MiKTeX\tex/latex/spath3\tikzlibrarycalligraphy.code.tex
(C:\opt\MiKTeX\tex/latex/spath3\spath3.sty
Package: spath3 2022/08/24 v2.7 Functions for manipulating PGF soft paths
\g__spath_output_int=\count393
\l__spath_tmpa_dim=\dimen337
\l__spath_tmpb_dim=\dimen338
\l__spath_tmpa_int=\count394
\l__spath_tmpb_int=\count395
\l__spath_move_x_dim=\dimen339
\l__spath_move_y_dim=\dimen340
\l__spath_rectx_dim=\dimen341
\l__spath_recty_dim=\dimen342
\g__spath_anon_int=\count396
)
\l__cal_tmpa_int=\count397
\l__cal_tmpb_int=\count398
\g__cal_path_component_int=\count399
\g__cal_label_int=\count400
\l__cal_tmpa_dim=\dimen343
\l__cal_tmpb_dim=\dimen344
\l__cal_tmpc_dim=\dimen345
\l__cal_tmpd_dim=\dimen346
\l__cal_tmpe_dim=\dimen347
\l__cal_tmpf_dim=\dimen348
\l__cal_tmpg_dim=\dimen349
\l__cal_tmph_dim=\dimen350
\l__cal_taper_width_dim=\dimen351
\l__cal_line_width_dim=\dimen352
)
(C:\opt\MiKTeX\tex/generic/pgfplots/libs\tikzlibrarypgfplots.external.code.tex
(C:\opt\MiKTeX\tex/latex/pgf/frontendlayer/libraries\tikzlibraryexternal.code.t
ex
(C:\opt\MiKTeX\tex/generic/pgf/frontendlayer/tikz/libraries\tikzexternalshared.
code.tex)))
\openout3 = `fractalRenderer.auxlock'.

Package hyperref Info: Option `colorlinks' set `true' on input line 54.


Package siunitx Warning: Option "load-configurations" has been removed in this
(siunitx)                release.


Package siunitx Warning: Option "binary-units" has been removed in this
(siunitx)                release.

) (C:\opt\MiKTeX\tex/latex/subfiles\subfiles.sty
Package: subfiles 2020/11/14 v2.2 Multi-file projects (package)

(C:\opt\MiKTeX\tex/latex/import\import.sty
Package: import 2020/04/01  v 6.2
))
Package translations Info: No language package found. I am going to use `englis
h' as default language. on input line 19.
 (fractalRenderer.aux)
\openout1 = `fractalRenderer.aux'.

LaTeX Font Info:    Checking defaults for OML/cmm/m/it on input line 19.
LaTeX Font Info:    ... okay on input line 19.
LaTeX Font Info:    Checking defaults for OMS/cmsy/m/n on input line 19.
LaTeX Font Info:    ... okay on input line 19.
LaTeX Font Info:    Checking defaults for OT1/cmr/m/n on input line 19.
LaTeX Font Info:    ... okay on input line 19.
LaTeX Font Info:    Checking defaults for T1/cmr/m/n on input line 19.
LaTeX Font Info:    ... okay on input line 19.
LaTeX Font Info:    Checking defaults for TS1/cmr/m/n on input line 19.
LaTeX Font Info:    ... okay on input line 19.
LaTeX Font Info:    Checking defaults for OMX/cmex/m/n on input line 19.
LaTeX Font Info:    ... okay on input line 19.
LaTeX Font Info:    Checking defaults for U/cmr/m/n on input line 19.
LaTeX Font Info:    ... okay on input line 19.
LaTeX Font Info:    Checking defaults for PD1/pdf/m/n on input line 19.
LaTeX Font Info:    ... okay on input line 19.
LaTeX Font Info:    Checking defaults for PU/pdf/m/n on input line 19.
LaTeX Font Info:    ... okay on input line 19.
LaTeX Font Info:    Checking defaults for LY/yfrak/m/n on input line 19.
LaTeX Font Info:    ... okay on input line 19.
LaTeX Font Info:    Checking defaults for LYG/ygoth/m/n on input line 19.
LaTeX Font Info:    ... okay on input line 19.

(C:\opt\MiKTeX\tex/context/base/mkii\supp-pdf.mkii
[Loading MPS to PDF converter (version 2006.09.02).]
\scratchcounter=\count401
\scratchdimen=\dimen353
\scratchbox=\box168
\nofMPsegments=\count402
\nofMParguments=\count403
\everyMPshowfont=\toks47
\MPscratchCnt=\count404
\MPscratchDim=\dimen354
\MPnumerator=\count405
\makeMPintoPDFobject=\count406
\everyMPtoPDFconversion=\toks48
) (C:\opt\MiKTeX\tex/latex/epstopdf-pkg\epstopdf-base.sty
Package: epstopdf-base 2020-01-24 v2.11 Base part for package epstopdf
Package epstopdf-base Info: Redefining graphics rule for `.eps' on input line 4
85.

(C:\opt\MiKTeX\tex/latex/00miktex\epstopdf-sys.cfg
File: epstopdf-sys.cfg 2021/03/18 v2.0 Configuration of epstopdf for MiKTeX
))
Package pgfplots notification 'compat/show suggested version=true': document ha
s been generated with the most recent feature set (\pgfplotsset{compat=1.18}).

Package caption Info: Begin \AtBeginDocument code.
Package caption Info: subfig package v1.3 is loaded.
Package caption Info: hyperref package is loaded.
Package caption Info: listings package is loaded.
Package caption Info: End \AtBeginDocument code.
\c@lstlisting=\count407
(C:\opt\MiKTeX\tex/latex/upquote\upquote.sty
Package: upquote 2012/04/19 v1.3 upright-quote and grave-accent glyphs in verba
tim
)
Package hyperref Info: Link coloring ON on input line 19.

(C:\opt\MiKTeX\tex/latex/hyperref\nameref.sty
Package: nameref 2021-04-02 v2.47 Cross-referencing by name of section

(C:\opt\MiKTeX\tex/latex/refcount\refcount.sty
Package: refcount 2019/12/15 v3.6 Data extraction from label references (HO)
)
(C:\opt\MiKTeX\tex/generic/gettitlestring\gettitlestring.sty
Package: gettitlestring 2019/12/15 v1.6 Cleanup title references (HO)
)
\c@section@level=\count408
)
LaTeX Info: Redefining \ref on input line 19.
LaTeX Info: Redefining \pageref on input line 19.
LaTeX Info: Redefining \nameref on input line 19.

(fractalRenderer.out) (fractalRenderer.out)
\@outlinefile=\write4
\openout4 = `fractalRenderer.out'.



Package siunitx Warning: Detected the "physics" package:
(siunitx)                omitting definition of \qty.
(siunitx)                
(siunitx)                If you want to use \qty with the siunitx definition,
(siunitx)                add 
(siunitx)                
(siunitx)                    \AtBeginDocument{\RenewCommandCopy\qty\SI}
(siunitx)                
(siunitx)                to your preamble.


(C:\opt\MiKTeX\tex/latex/translations/dicts\translations-basic-dictionary-engli
sh.trsl
File: translations-basic-dictionary-english.trsl (english translation file `tra
nslations-basic-dictionary')
)
Package translations Info: loading dictionary `translations-basic-dictionary' f
or `english'. on input line 19.
LaTeX Info: Redefining \microtypecontext on input line 19.
Package microtype Info: Applying patch `item' on input line 19.
Package microtype Info: Applying patch `toc' on input line 19.
Package microtype Info: Applying patch `eqnum' on input line 19.
Package microtype Info: Applying patch `footnote' on input line 19.
Package microtype Info: Generating PDF output.
Package microtype Info: Character protrusion enabled (level 2),
(microtype)             factor: 1100.
Package microtype Info: Using default protrusion set `alltext'.
Package microtype Info: Automatic font expansion enabled (level 2),
(microtype)             stretch: 20, shrink: 20, step: 1, non-selected.
Package microtype Info: Using default expansion set `alltext-nott'.
LaTeX Info: Redefining \showhyphens on input line 19.
Package microtype Info: Tracking enabled.
Package microtype Info: Using default tracking set `smallcaps'.
Package microtype Info: Adjustment of interword spacing enabled.
Package microtype Info: Using default spacing set `alltext-nott'.
Package microtype Info: Adjustment of character kerning enabled.
Package microtype Info: Using default kerning set `alltext'.
 (C:\opt\MiKTeX\tex/latex/microtype\mt-cmr.cfg
File: mt-cmr.cfg 2013/05/19 v2.2 microtype config. file: Computer Modern Roman 
(RS)
)

Package microtype Warning: \nonfrenchspacing is active. Adjustment of
(microtype)                interword spacing will disable it. You might want
(microtype)                to add `\microtypecontext{spacing=nonfrench}'
(microtype)                to your preamble.

(titlePage.tex
LaTeX Font Info:    Trying to load font information for U+msa on input line 2.
 (C:\opt\MiKTeX\tex/latex/amsfonts\umsa.fd
File: umsa.fd 2013/01/14 v3.01 AMS symbols A
)
(C:\opt\MiKTeX\tex/latex/microtype\mt-msa.cfg
File: mt-msa.cfg 2006/02/04 v1.1 microtype config. file: AMS symbols (a) (RS)
)
LaTeX Font Info:    Trying to load font information for U+msb on input line 2.

(C:\opt\MiKTeX\tex/latex/amsfonts\umsb.fd
File: umsb.fd 2013/01/14 v3.01 AMS symbols B
)
(C:\opt\MiKTeX\tex/latex/microtype\mt-msb.cfg
File: mt-msb.cfg 2005/06/01 v1.0 microtype config. file: AMS symbols (b) (RS)
) [1

{C:/Users/penci/AppData/Local/MiKTeX/fonts/map/pdftex/pdftex.map}] (fractalRend
erer.toc)
\tf@toc=\write5
\openout5 = `fractalRenderer.toc'.

 [2])
(projectAnalysis.tex
<images//mandelbrot.jpg, id=62, 702.625pt x 562.1pt>
File: images//mandelbrot.jpg Graphic file (type jpg)
<use images//mandelbrot.jpg>
Package pdftex.def Info: images//mandelbrot.jpg  used on input line 18.
(pdftex.def)             Requested size: 316.17833pt x 252.94266pt.
 [3 <./images//mandelbrot.jpg>]
<images//MsetOrder3.jpg, id=77, 642.4pt x 481.8pt>
File: images//MsetOrder3.jpg Graphic file (type jpg)
<use images//MsetOrder3.jpg>
Package pdftex.def Info: images//MsetOrder3.jpg  used on input line 26.
(pdftex.def)             Requested size: 117.00119pt x 87.74948pt.
<images//MsetOrder4.jpg, id=78, 642.4pt x 481.8pt>
File: images//MsetOrder4.jpg Graphic file (type jpg)
<use images//MsetOrder4.jpg>
Package pdftex.def Info: images//MsetOrder4.jpg  used on input line 27.
(pdftex.def)             Requested size: 117.00119pt x 87.74948pt.
<images//MsetOrder20.jpg, id=79, 642.4pt x 481.8pt>
File: images//MsetOrder20.jpg Graphic file (type jpg)
<use images//MsetOrder20.jpg>
Package pdftex.def Info: images//MsetOrder20.jpg  used on input line 28.
(pdftex.def)             Requested size: 117.00119pt x 87.74948pt.
<images//sierpinski-triangle.png, id=80, 1204.5pt x 1042.89626pt>
File: images//sierpinski-triangle.png Graphic file (type png)
<use images//sierpinski-triangle.png>
Package pdftex.def Info: images//sierpinski-triangle.png  used on input line 37
.
(pdftex.def)             Requested size: 117.00119pt x 101.28812pt.
<images//mandelbrot-zoom.png, id=82, 803.0pt x 803.0pt>
File: images//mandelbrot-zoom.png Graphic file (type png)
<use images//mandelbrot-zoom.png>
Package pdftex.def Info: images//mandelbrot-zoom.png  used on input line 38.
(pdftex.def)             Requested size: 117.00119pt x 117.00177pt.
<images//hilbert-curve.png, id=83, 496.85625pt x 496.85625pt>
File: images//hilbert-curve.png Graphic file (type png)
<use images//hilbert-curve.png>
Package pdftex.def Info: images//hilbert-curve.png  used on input line 39.
(pdftex.def)             Requested size: 117.00119pt x 116.99625pt.
 [4 <./images//MsetOrder3.jpg> <./images//MsetOrder4.jpg> <./images//MsetOrder2
0.jpg> <./images//sierpinski-triangle.png> <./images//mandelbrot-zoom.png> <./i
mages//hilbert-curve.png>]
Overfull \hbox (1.0003pt too wide) in paragraph at lines 58--59
\OT1/cmr/m/n/12 (-20) ``blocky'' pat-terns in the im-age. Even-
 []


Underfull \hbox (badness 10000) in paragraph at lines 64--65
 []\OT1/cmr/bx/n/12 (+20) Program Lim-i-ta-tions[] \OT1/cmr/m/n/12 (+20) Many
 []


Underfull \hbox (badness 6110) in paragraph at lines 68--69
\OT1/cmr/m/n/12 (+20) in-crease ren-der-ing per-for-mance,
 []

[5] [6] [7] [8] [9]
LaTeX Font Info:    Trying to load font information for U+fontawesometwo on inp
ut line 185.
 (C:\opt\MiKTeX\tex/latex/fontawesome\ufontawesometwo.fd
File: ufontawesometwo.fd 2016/05/22 Font definitions for U/fontawesometwo.
)
(C:\opt\MiKTeX\tex/latex/listings\lstlang1.sty
File: lstlang1.sty 2020/03/24 1.8d listings language file
)
(C:\opt\MiKTeX\tex/latex/listings\lstlang1.sty
File: lstlang1.sty 2020/03/24 1.8d listings language file
)
(C:\opt\MiKTeX\tex/latex/listings\lstmisc.sty
File: lstmisc.sty 2020/03/24 1.8d (Carsten Heinz)
)
LaTeX Font Info:    Trying to load font information for OT1+zi4 on input line 1
86.

(C:\opt\MiKTeX\tex/latex/inconsolata\ot1zi4.fd
File: ot1zi4.fd 2018/01/14 OT1/zi4 (Inconsolata)
)
LaTeX Font Info:    Font shape `OT1/zi4/m/n' will be
(Font)              scaled to size 12.0pt on input line 186.
Package microtype Info: Loading generic protrusion settings for font family
(microtype)             `zi4' (encoding: OT1).
(microtype)             For optimal results, create family-specific settings.
(microtype)             See the microtype manual for details.
LaTeX Font Info:    Font shape `OT1/zi4/m/n' will be
(Font)              scaled to size 10.0pt on input line 186.
) (design.tex [10]
<images//CinderboxLibraries.png, id=140, 1508.63625pt x 691.83469pt>
File: images//CinderboxLibraries.png Graphic file (type png)
<use images//CinderboxLibraries.png>
Package pdftex.def Info: images//CinderboxLibraries.png  used on input line 5.
(pdftex.def)             Requested size: 390.0pt x 178.83823pt.
 [11]
<images//LibRapidLibraries.png, id=154, 1794.705pt x 749.04843pt>
File: images//LibRapidLibraries.png Graphic file (type png)
<use images//LibRapidLibraries.png>
Package pdftex.def Info: images//LibRapidLibraries.png  used on input line 11.
(pdftex.def)             Requested size: 390.0pt x 162.76813pt.
<images//CinderLibraries.png, id=155, 1517.67pt x 774.64406pt>
File: images//CinderLibraries.png Graphic file (type png)
<use images//CinderLibraries.png>
Package pdftex.def Info: images//CinderLibraries.png  used on input line 17.
(pdftex.def)             Requested size: 390.0pt x 199.06232pt.
)
[12 <./images//CinderboxLibraries.png> <./images//LibRapidLibraries.png>]
(fractalRenderer.bbl) [13 <./images//CinderLibraries.png>] (fractalRenderer.aux
)
Package rerunfilecheck Info: File `fractalRenderer.out' has not changed.
(rerunfilecheck)             Checksum: 16512EE21B104F4B991BE5A529B908BD;1524.
 ) 
Here is how much of TeX's memory you used:
 51727 strings out of 478582
 1202961 string characters out of 2858883
 257855572 words of memory out of 259000000
 68907 multiletter control sequences out of 15000+600000
 485449 words of font info for 143 fonts, out of 8000000 for 9000
 1141 hyphenation exceptions out of 8191
 105i,7n,115p,1014b,1638s stack positions out of 10000i,1000n,20000p,200000b,80000s
{C:/opt/MiKTeX/fonts/enc/dvips/inconsolata/i4-ot1-0.enc}{C:/opt/MiKTeX/fonts/
enc/dvips/fontawesome/fontawesometwo.enc}<C:/opt/MiKTeX/fonts/type1/public/font
awesome/FontAwesome.pfb><C:/opt/MiKTeX/fonts/type1/public/inconsolata/Inconsola
ta-zi4r.pfb><C:/opt/MiKTeX/fonts/type1/public/amsfonts/cm/cmbx10.pfb><C:/opt/Mi
KTeX/fonts/type1/public/amsfonts/cm/cmbx12.pfb><C:/opt/MiKTeX/fonts/type1/publi
c/amsfonts/cm/cmcsc10.pfb><C:/opt/MiKTeX/fonts/type1/public/amsfonts/cm/cmmi12.
pfb><C:/opt/MiKTeX/fonts/type1/public/amsfonts/cm/cmmi8.pfb><C:/opt/MiKTeX/font
s/type1/public/amsfonts/cm/cmr10.pfb><C:/opt/MiKTeX/fonts/type1/public/amsfonts
/cm/cmr12.pfb><C:/opt/MiKTeX/fonts/type1/public/amsfonts/cm/cmr8.pfb><C:/opt/Mi
KTeX/fonts/type1/public/amsfonts/cm/cmsy10.pfb><C:/opt/MiKTeX/fonts/type1/publi
c/amsfonts/cm/cmti12.pfb><C:/opt/MiKTeX/fonts/type1/public/amsfonts/symbols/msb
m10.pfb>
Output written on fractalRenderer.pdf (13 pages, 3137344 bytes).
PDF statistics:
 243 PDF objects out of 1000 (max. 8388607)
 57 named destinations out of 1000 (max. 500000)
 40063 words of extra memory for PDF output out of 42996 (max. 10000000)

